<testsuites id="" name="" tests="100" failures="4" skipped="0" errors="96" time="201.99222500000002">
<testsuite name="dashboard.spec.ts" timestamp="2026-04-14T13:07:19.920Z" hostname="chromium" tests="12" failures="0" skipped="0" time="45.521" errors="12">
<testcase name="Dashboard Page › should load dashboard page successfully" classname="dashboard.spec.ts" time="4.146">
<system-out>
<![CDATA[
[[ATTACHMENT|test-results\dashboard-Dashboard-Page-s-e4314-dashboard-page-successfully-chromium\test-failed-1.png]]

[[ATTACHMENT|test-results\dashboard-Dashboard-Page-s-e4314-dashboard-page-successfully-chromium\video.webm]]

[[ATTACHMENT|test-results\dashboard-Dashboard-Page-s-e4314-dashboard-page-successfully-chromium\error-context.md]]
]]>
</system-out>
<error message="page.goto: net::ERR_CONNECTION_REFUSED at http://localhost:1420/" type="Error">
<![CDATA[  [chromium] › dashboard.spec.ts:9:7 › Dashboard Page › should load dashboard page successfully ────

    Error: page.goto: net::ERR_CONNECTION_REFUSED at http://localhost:1420/
    Call log:
      - navigating to "http://localhost:1420/", waiting until "load"


      3 | test.describe('Dashboard Page', () => {
      4 |   test.beforeEach(async ({ page }) => {
    > 5 |     await page.goto('/');
        |                ^
      6 |     await page.waitForLoadState('networkidle');
      7 |   });
      8 |
        at D:\Users\Administrator\Desktop\PowerShell_Script_Repository\FolderSizeMonitor\sys-monitor\tests\e2e\tests\dashboard.spec.ts:5:16

    attachment #1: screenshot (image/png) ──────────────────────────────────────────────────────────
    ..\test-results\dashboard-Dashboard-Page-s-e4314-dashboard-page-successfully-chromium\test-failed-1.png
    ────────────────────────────────────────────────────────────────────────────────────────────────

    attachment #2: video (video/webm) ──────────────────────────────────────────────────────────────
    ..\test-results\dashboard-Dashboard-Page-s-e4314-dashboard-page-successfully-chromium\video.webm
    ────────────────────────────────────────────────────────────────────────────────────────────────

    Error Context: ..\test-results\dashboard-Dashboard-Page-s-e4314-dashboard-page-successfully-chromium\error-context.md
]]>
</error>
</testcase>
<testcase name="Dashboard Page › should display navigation links" classname="dashboard.spec.ts" time="4.132">
<system-out>
<![CDATA[
[[ATTACHMENT|test-results\dashboard-Dashboard-Page-should-display-navigation-links-chromium\test-failed-1.png]]

[[ATTACHMENT|test-results\dashboard-Dashboard-Page-should-display-navigation-links-chromium\video.webm]]

[[ATTACHMENT|test-results\dashboard-Dashboard-Page-should-display-navigation-links-chromium\error-context.md]]
]]>
</system-out>
<error message="page.goto: net::ERR_CONNECTION_REFUSED at http://localhost:1420/" type="Error">
<![CDATA[  [chromium] › dashboard.spec.ts:14:7 › Dashboard Page › should display navigation links ───────────

    Error: page.goto: net::ERR_CONNECTION_REFUSED at http://localhost:1420/
    Call log:
      - navigating to "http://localhost:1420/", waiting until "load"


      3 | test.describe('Dashboard Page', () => {
      4 |   test.beforeEach(async ({ page }) => {
    > 5 |     await page.goto('/');
        |                ^
      6 |     await page.waitForLoadState('networkidle');
      7 |   });
      8 |
        at D:\Users\Administrator\Desktop\PowerShell_Script_Repository\FolderSizeMonitor\sys-monitor\tests\e2e\tests\dashboard.spec.ts:5:16

    attachment #1: screenshot (image/png) ──────────────────────────────────────────────────────────
    ..\test-results\dashboard-Dashboard-Page-should-display-navigation-links-chromium\test-failed-1.png
    ────────────────────────────────────────────────────────────────────────────────────────────────

    attachment #2: video (video/webm) ──────────────────────────────────────────────────────────────
    ..\test-results\dashboard-Dashboard-Page-should-display-navigation-links-chromium\video.webm
    ────────────────────────────────────────────────────────────────────────────────────────────────

    Error Context: ..\test-results\dashboard-Dashboard-Page-should-display-navigation-links-chromium\error-context.md
]]>
</error>
</testcase>
<testcase name="Dashboard Page › should navigate to folder analysis page" classname="dashboard.spec.ts" time="4.116">
<system-out>
<![CDATA[
[[ATTACHMENT|test-results\dashboard-Dashboard-Page-s-0927a-ate-to-folder-analysis-page-chromium\test-failed-1.png]]

[[ATTACHMENT|test-results\dashboard-Dashboard-Page-s-0927a-ate-to-folder-analysis-page-chromium\video.webm]]

[[ATTACHMENT|test-results\dashboard-Dashboard-Page-s-0927a-ate-to-folder-analysis-page-chromium\error-context.md]]
]]>
</system-out>
<error message="page.goto: net::ERR_CONNECTION_REFUSED at http://localhost:1420/" type="Error">
<![CDATA[  [chromium] › dashboard.spec.ts:23:7 › Dashboard Page › should navigate to folder analysis page ───

    Error: page.goto: net::ERR_CONNECTION_REFUSED at http://localhost:1420/
    Call log:
      - navigating to "http://localhost:1420/", waiting until "load"


      3 | test.describe('Dashboard Page', () => {
      4 |   test.beforeEach(async ({ page }) => {
    > 5 |     await page.goto('/');
        |                ^
      6 |     await page.waitForLoadState('networkidle');
      7 |   });
      8 |
        at D:\Users\Administrator\Desktop\PowerShell_Script_Repository\FolderSizeMonitor\sys-monitor\tests\e2e\tests\dashboard.spec.ts:5:16

    attachment #1: screenshot (image/png) ──────────────────────────────────────────────────────────
    ..\test-results\dashboard-Dashboard-Page-s-0927a-ate-to-folder-analysis-page-chromium\test-failed-1.png
    ────────────────────────────────────────────────────────────────────────────────────────────────

    attachment #2: video (video/webm) ──────────────────────────────────────────────────────────────
    ..\test-results\dashboard-Dashboard-Page-s-0927a-ate-to-folder-analysis-page-chromium\video.webm
    ────────────────────────────────────────────────────────────────────────────────────────────────

    Error Context: ..\test-results\dashboard-Dashboard-Page-s-0927a-ate-to-folder-analysis-page-chromium\error-context.md
]]>
</error>
</testcase>
<testcase name="Dashboard Page › should display CPU monitor component" classname="dashboard.spec.ts" time="3.956">
<system-out>
<![CDATA[
[[ATTACHMENT|test-results\dashboard-Dashboard-Page-s-01ec6-splay-CPU-monitor-component-chromium\test-failed-1.png]]

[[ATTACHMENT|test-results\dashboard-Dashboard-Page-s-01ec6-splay-CPU-monitor-component-chromium\video.webm]]

[[ATTACHMENT|test-results\dashboard-Dashboard-Page-s-01ec6-splay-CPU-monitor-component-chromium\error-context.md]]
]]>
</system-out>
<error message="page.goto: net::ERR_CONNECTION_REFUSED at http://localhost:1420/" type="Error">
<![CDATA[  [chromium] › dashboard.spec.ts:29:7 › Dashboard Page › should display CPU monitor component ──────

    Error: page.goto: net::ERR_CONNECTION_REFUSED at http://localhost:1420/
    Call log:
      - navigating to "http://localhost:1420/", waiting until "load"


      3 | test.describe('Dashboard Page', () => {
      4 |   test.beforeEach(async ({ page }) => {
    > 5 |     await page.goto('/');
        |                ^
      6 |     await page.waitForLoadState('networkidle');
      7 |   });
      8 |
        at D:\Users\Administrator\Desktop\PowerShell_Script_Repository\FolderSizeMonitor\sys-monitor\tests\e2e\tests\dashboard.spec.ts:5:16

    attachment #1: screenshot (image/png) ──────────────────────────────────────────────────────────
    ..\test-results\dashboard-Dashboard-Page-s-01ec6-splay-CPU-monitor-component-chromium\test-failed-1.png
    ────────────────────────────────────────────────────────────────────────────────────────────────

    attachment #2: video (video/webm) ──────────────────────────────────────────────────────────────
    ..\test-results\dashboard-Dashboard-Page-s-01ec6-splay-CPU-monitor-component-chromium\video.webm
    ────────────────────────────────────────────────────────────────────────────────────────────────

    Error Context: ..\test-results\dashboard-Dashboard-Page-s-01ec6-splay-CPU-monitor-component-chromium\error-context.md
]]>
</error>
</testcase>
<testcase name="Dashboard Page › should display memory monitor component" classname="dashboard.spec.ts" time="4.095">
<system-out>
<![CDATA[
[[ATTACHMENT|test-results\dashboard-Dashboard-Page-s-76b13-ay-memory-monitor-component-chromium\test-failed-1.png]]

[[ATTACHMENT|test-results\dashboard-Dashboard-Page-s-76b13-ay-memory-monitor-component-chromium\video.webm]]

[[ATTACHMENT|test-results\dashboard-Dashboard-Page-s-76b13-ay-memory-monitor-component-chromium\error-context.md]]
]]>
</system-out>
<error message="page.goto: net::ERR_CONNECTION_REFUSED at http://localhost:1420/" type="Error">
<![CDATA[  [chromium] › dashboard.spec.ts:40:7 › Dashboard Page › should display memory monitor component ───

    Error: page.goto: net::ERR_CONNECTION_REFUSED at http://localhost:1420/
    Call log:
      - navigating to "http://localhost:1420/", waiting until "load"


      3 | test.describe('Dashboard Page', () => {
      4 |   test.beforeEach(async ({ page }) => {
    > 5 |     await page.goto('/');
        |                ^
      6 |     await page.waitForLoadState('networkidle');
      7 |   });
      8 |
        at D:\Users\Administrator\Desktop\PowerShell_Script_Repository\FolderSizeMonitor\sys-monitor\tests\e2e\tests\dashboard.spec.ts:5:16

    attachment #1: screenshot (image/png) ──────────────────────────────────────────────────────────
    ..\test-results\dashboard-Dashboard-Page-s-76b13-ay-memory-monitor-component-chromium\test-failed-1.png
    ────────────────────────────────────────────────────────────────────────────────────────────────

    attachment #2: video (video/webm) ──────────────────────────────────────────────────────────────
    ..\test-results\dashboard-Dashboard-Page-s-76b13-ay-memory-monitor-component-chromium\video.webm
    ────────────────────────────────────────────────────────────────────────────────────────────────

    Error Context: ..\test-results\dashboard-Dashboard-Page-s-76b13-ay-memory-monitor-component-chromium\error-context.md
]]>
</error>
</testcase>
<testcase name="Dashboard Page › should display CPU graph component" classname="dashboard.spec.ts" time="3.972">
<system-out>
<![CDATA[
[[ATTACHMENT|test-results\dashboard-Dashboard-Page-should-display-CPU-graph-component-chromium\test-failed-1.png]]

[[ATTACHMENT|test-results\dashboard-Dashboard-Page-should-display-CPU-graph-component-chromium\video.webm]]

[[ATTACHMENT|test-results\dashboard-Dashboard-Page-should-display-CPU-graph-component-chromium\error-context.md]]
]]>
</system-out>
<error message="page.goto: net::ERR_CONNECTION_REFUSED at http://localhost:1420/" type="Error">
<![CDATA[  [chromium] › dashboard.spec.ts:51:7 › Dashboard Page › should display CPU graph component ────────

    Error: page.goto: net::ERR_CONNECTION_REFUSED at http://localhost:1420/
    Call log:
      - navigating to "http://localhost:1420/", waiting until "load"


      3 | test.describe('Dashboard Page', () => {
      4 |   test.beforeEach(async ({ page }) => {
    > 5 |     await page.goto('/');
        |                ^
      6 |     await page.waitForLoadState('networkidle');
      7 |   });
      8 |
        at D:\Users\Administrator\Desktop\PowerShell_Script_Repository\FolderSizeMonitor\sys-monitor\tests\e2e\tests\dashboard.spec.ts:5:16

    attachment #1: screenshot (image/png) ──────────────────────────────────────────────────────────
    ..\test-results\dashboard-Dashboard-Page-should-display-CPU-graph-component-chromium\test-failed-1.png
    ────────────────────────────────────────────────────────────────────────────────────────────────

    attachment #2: video (video/webm) ──────────────────────────────────────────────────────────────
    ..\test-results\dashboard-Dashboard-Page-should-display-CPU-graph-component-chromium\video.webm
    ────────────────────────────────────────────────────────────────────────────────────────────────

    Error Context: ..\test-results\dashboard-Dashboard-Page-should-display-CPU-graph-component-chromium\error-context.md
]]>
</error>
</testcase>
<testcase name="Dashboard Page › should display memory graph component" classname="dashboard.spec.ts" time="4.105">
<system-out>
<![CDATA[
[[ATTACHMENT|test-results\dashboard-Dashboard-Page-s-4ba46-play-memory-graph-component-chromium\test-failed-1.png]]

[[ATTACHMENT|test-results\dashboard-Dashboard-Page-s-4ba46-play-memory-graph-component-chromium\video.webm]]

[[ATTACHMENT|test-results\dashboard-Dashboard-Page-s-4ba46-play-memory-graph-component-chromium\error-context.md]]
]]>
</system-out>
<error message="page.goto: net::ERR_CONNECTION_REFUSED at http://localhost:1420/" type="Error">
<![CDATA[  [chromium] › dashboard.spec.ts:56:7 › Dashboard Page › should display memory graph component ─────

    Error: page.goto: net::ERR_CONNECTION_REFUSED at http://localhost:1420/
    Call log:
      - navigating to "http://localhost:1420/", waiting until "load"


      3 | test.describe('Dashboard Page', () => {
      4 |   test.beforeEach(async ({ page }) => {
    > 5 |     await page.goto('/');
        |                ^
      6 |     await page.waitForLoadState('networkidle');
      7 |   });
      8 |
        at D:\Users\Administrator\Desktop\PowerShell_Script_Repository\FolderSizeMonitor\sys-monitor\tests\e2e\tests\dashboard.spec.ts:5:16

    attachment #1: screenshot (image/png) ──────────────────────────────────────────────────────────
    ..\test-results\dashboard-Dashboard-Page-s-4ba46-play-memory-graph-component-chromium\test-failed-1.png
    ────────────────────────────────────────────────────────────────────────────────────────────────

    attachment #2: video (video/webm) ──────────────────────────────────────────────────────────────
    ..\test-results\dashboard-Dashboard-Page-s-4ba46-play-memory-graph-component-chromium\video.webm
    ────────────────────────────────────────────────────────────────────────────────────────────────

    Error Context: ..\test-results\dashboard-Dashboard-Page-s-4ba46-play-memory-graph-component-chromium\error-context.md
]]>
</error>
</testcase>
<testcase name="Dashboard Page › should display disk usage card" classname="dashboard.spec.ts" time="4.063">
<system-out>
<![CDATA[
[[ATTACHMENT|test-results\dashboard-Dashboard-Page-should-display-disk-usage-card-chromium\test-failed-1.png]]

[[ATTACHMENT|test-results\dashboard-Dashboard-Page-should-display-disk-usage-card-chromium\video.webm]]

[[ATTACHMENT|test-results\dashboard-Dashboard-Page-should-display-disk-usage-card-chromium\error-context.md]]
]]>
</system-out>
<error message="page.goto: net::ERR_CONNECTION_REFUSED at http://localhost:1420/" type="Error">
<![CDATA[  [chromium] › dashboard.spec.ts:61:7 › Dashboard Page › should display disk usage card ────────────

    Error: page.goto: net::ERR_CONNECTION_REFUSED at http://localhost:1420/
    Call log:
      - navigating to "http://localhost:1420/", waiting until "load"


      3 | test.describe('Dashboard Page', () => {
      4 |   test.beforeEach(async ({ page }) => {
    > 5 |     await page.goto('/');
        |                ^
      6 |     await page.waitForLoadState('networkidle');
      7 |   });
      8 |
        at D:\Users\Administrator\Desktop\PowerShell_Script_Repository\FolderSizeMonitor\sys-monitor\tests\e2e\tests\dashboard.spec.ts:5:16

    attachment #1: screenshot (image/png) ──────────────────────────────────────────────────────────
    ..\test-results\dashboard-Dashboard-Page-should-display-disk-usage-card-chromium\test-failed-1.png
    ────────────────────────────────────────────────────────────────────────────────────────────────

    attachment #2: video (video/webm) ──────────────────────────────────────────────────────────────
    ..\test-results\dashboard-Dashboard-Page-should-display-disk-usage-card-chromium\video.webm
    ────────────────────────────────────────────────────────────────────────────────────────────────

    Error Context: ..\test-results\dashboard-Dashboard-Page-should-display-disk-usage-card-chromium\error-context.md
]]>
</error>
</testcase>
<testcase name="Dashboard Page › should update system metrics in real-time" classname="dashboard.spec.ts" time="3.183">
<system-out>
<![CDATA[
[[ATTACHMENT|test-results\dashboard-Dashboard-Page-s-d69b0-system-metrics-in-real-time-chromium\test-failed-1.png]]

[[ATTACHMENT|test-results\dashboard-Dashboard-Page-s-d69b0-system-metrics-in-real-time-chromium\video.webm]]

[[ATTACHMENT|test-results\dashboard-Dashboard-Page-s-d69b0-system-metrics-in-real-time-chromium\error-context.md]]
]]>
</system-out>
<error message="page.goto: net::ERR_CONNECTION_REFUSED at http://localhost:1420/" type="Error">
<![CDATA[  [chromium] › dashboard.spec.ts:66:7 › Dashboard Page › should update system metrics in real-time ─

    Error: page.goto: net::ERR_CONNECTION_REFUSED at http://localhost:1420/
    Call log:
      - navigating to "http://localhost:1420/", waiting until "load"


      3 | test.describe('Dashboard Page', () => {
      4 |   test.beforeEach(async ({ page }) => {
    > 5 |     await page.goto('/');
        |                ^
      6 |     await page.waitForLoadState('networkidle');
      7 |   });
      8 |
        at D:\Users\Administrator\Desktop\PowerShell_Script_Repository\FolderSizeMonitor\sys-monitor\tests\e2e\tests\dashboard.spec.ts:5:16

    attachment #1: screenshot (image/png) ──────────────────────────────────────────────────────────
    ..\test-results\dashboard-Dashboard-Page-s-d69b0-system-metrics-in-real-time-chromium\test-failed-1.png
    ────────────────────────────────────────────────────────────────────────────────────────────────

    attachment #2: video (video/webm) ──────────────────────────────────────────────────────────────
    ..\test-results\dashboard-Dashboard-Page-s-d69b0-system-metrics-in-real-time-chromium\video.webm
    ────────────────────────────────────────────────────────────────────────────────────────────────

    Error Context: ..\test-results\dashboard-Dashboard-Page-s-d69b0-system-metrics-in-real-time-chromium\error-context.md
]]>
</error>
</testcase>
<testcase name="Dashboard Page › should handle system metrics API errors gracefully" classname="dashboard.spec.ts" time="3.19">
<system-out>
<![CDATA[
[[ATTACHMENT|test-results\dashboard-Dashboard-Page-s-0f5c6-trics-API-errors-gracefully-chromium\test-failed-1.png]]

[[ATTACHMENT|test-results\dashboard-Dashboard-Page-s-0f5c6-trics-API-errors-gracefully-chromium\video.webm]]

[[ATTACHMENT|test-results\dashboard-Dashboard-Page-s-0f5c6-trics-API-errors-gracefully-chromium\error-context.md]]
]]>
</system-out>
<error message="page.goto: net::ERR_CONNECTION_REFUSED at http://localhost:1420/" type="Error">
<![CDATA[  [chromium] › dashboard.spec.ts:76:7 › Dashboard Page › should handle system metrics API errors gracefully 

    Error: page.goto: net::ERR_CONNECTION_REFUSED at http://localhost:1420/
    Call log:
      - navigating to "http://localhost:1420/", waiting until "load"


      3 | test.describe('Dashboard Page', () => {
      4 |   test.beforeEach(async ({ page }) => {
    > 5 |     await page.goto('/');
        |                ^
      6 |     await page.waitForLoadState('networkidle');
      7 |   });
      8 |
        at D:\Users\Administrator\Desktop\PowerShell_Script_Repository\FolderSizeMonitor\sys-monitor\tests\e2e\tests\dashboard.spec.ts:5:16

    attachment #1: screenshot (image/png) ──────────────────────────────────────────────────────────
    ..\test-results\dashboard-Dashboard-Page-s-0f5c6-trics-API-errors-gracefully-chromium\test-failed-1.png
    ────────────────────────────────────────────────────────────────────────────────────────────────

    attachment #2: video (video/webm) ──────────────────────────────────────────────────────────────
    ..\test-results\dashboard-Dashboard-Page-s-0f5c6-trics-API-errors-gracefully-chromium\video.webm
    ────────────────────────────────────────────────────────────────────────────────────────────────

    Error Context: ..\test-results\dashboard-Dashboard-Page-s-0f5c6-trics-API-errors-gracefully-chromium\error-context.md
]]>
</error>
</testcase>
<testcase name="Dashboard Page › should maintain responsive layout on different screen sizes" classname="dashboard.spec.ts" time="3.297">
<system-out>
<![CDATA[
[[ATTACHMENT|test-results\dashboard-Dashboard-Page-s-9b6a3-t-on-different-screen-sizes-chromium\test-failed-1.png]]

[[ATTACHMENT|test-results\dashboard-Dashboard-Page-s-9b6a3-t-on-different-screen-sizes-chromium\video.webm]]

[[ATTACHMENT|test-results\dashboard-Dashboard-Page-s-9b6a3-t-on-different-screen-sizes-chromium\error-context.md]]
]]>
</system-out>
<error message="page.goto: net::ERR_CONNECTION_REFUSED at http://localhost:1420/" type="Error">
<![CDATA[  [chromium] › dashboard.spec.ts:91:7 › Dashboard Page › should maintain responsive layout on different screen sizes 

    Error: page.goto: net::ERR_CONNECTION_REFUSED at http://localhost:1420/
    Call log:
      - navigating to "http://localhost:1420/", waiting until "load"


      3 | test.describe('Dashboard Page', () => {
      4 |   test.beforeEach(async ({ page }) => {
    > 5 |     await page.goto('/');
        |                ^
      6 |     await page.waitForLoadState('networkidle');
      7 |   });
      8 |
        at D:\Users\Administrator\Desktop\PowerShell_Script_Repository\FolderSizeMonitor\sys-monitor\tests\e2e\tests\dashboard.spec.ts:5:16

    attachment #1: screenshot (image/png) ──────────────────────────────────────────────────────────
    ..\test-results\dashboard-Dashboard-Page-s-9b6a3-t-on-different-screen-sizes-chromium\test-failed-1.png
    ────────────────────────────────────────────────────────────────────────────────────────────────

    attachment #2: video (video/webm) ──────────────────────────────────────────────────────────────
    ..\test-results\dashboard-Dashboard-Page-s-9b6a3-t-on-different-screen-sizes-chromium\video.webm
    ────────────────────────────────────────────────────────────────────────────────────────────────

    Error Context: ..\test-results\dashboard-Dashboard-Page-s-9b6a3-t-on-different-screen-sizes-chromium\error-context.md
]]>
</error>
</testcase>
<testcase name="Dashboard Page › should support dark mode toggle" classname="dashboard.spec.ts" time="3.266">
<system-out>
<![CDATA[
[[ATTACHMENT|test-results\dashboard-Dashboard-Page-should-support-dark-mode-toggle-chromium\test-failed-1.png]]

[[ATTACHMENT|test-results\dashboard-Dashboard-Page-should-support-dark-mode-toggle-chromium\video.webm]]

[[ATTACHMENT|test-results\dashboard-Dashboard-Page-should-support-dark-mode-toggle-chromium\error-context.md]]
]]>
</system-out>
<error message="page.goto: net::ERR_CONNECTION_REFUSED at http://localhost:1420/" type="Error">
<![CDATA[  [chromium] › dashboard.spec.ts:103:7 › Dashboard Page › should support dark mode toggle ──────────

    Error: page.goto: net::ERR_CONNECTION_REFUSED at http://localhost:1420/
    Call log:
      - navigating to "http://localhost:1420/", waiting until "load"


      3 | test.describe('Dashboard Page', () => {
      4 |   test.beforeEach(async ({ page }) => {
    > 5 |     await page.goto('/');
        |                ^
      6 |     await page.waitForLoadState('networkidle');
      7 |   });
      8 |
        at D:\Users\Administrator\Desktop\PowerShell_Script_Repository\FolderSizeMonitor\sys-monitor\tests\e2e\tests\dashboard.spec.ts:5:16

    attachment #1: screenshot (image/png) ──────────────────────────────────────────────────────────
    ..\test-results\dashboard-Dashboard-Page-should-support-dark-mode-toggle-chromium\test-failed-1.png
    ────────────────────────────────────────────────────────────────────────────────────────────────

    attachment #2: video (video/webm) ──────────────────────────────────────────────────────────────
    ..\test-results\dashboard-Dashboard-Page-should-support-dark-mode-toggle-chromium\video.webm
    ────────────────────────────────────────────────────────────────────────────────────────────────

    Error Context: ..\test-results\dashboard-Dashboard-Page-should-support-dark-mode-toggle-chromium\error-context.md
]]>
</error>
</testcase>
</testsuite>
<testsuite name="database-operations.spec.ts" timestamp="2026-04-14T13:07:19.920Z" hostname="chromium" tests="17" failures="0" skipped="0" time="54.048" errors="17">
<testcase name="Database Operations › should get database path successfully" classname="database-operations.spec.ts" time="3.489">
<system-out>
<![CDATA[
[[ATTACHMENT|test-results\database-operations-Databa-f4924--database-path-successfully-chromium\test-failed-1.png]]

[[ATTACHMENT|test-results\database-operations-Databa-f4924--database-path-successfully-chromium\video.webm]]

[[ATTACHMENT|test-results\database-operations-Databa-f4924--database-path-successfully-chromium\error-context.md]]
]]>
</system-out>
<error message="page.goto: net::ERR_CONNECTION_REFUSED at http://localhost:1420/folder-analysis" type="Error">
<![CDATA[  [chromium] › database-operations.spec.ts:9:7 › Database Operations › should get database path successfully 

    Error: page.goto: net::ERR_CONNECTION_REFUSED at http://localhost:1420/folder-analysis
    Call log:
      - navigating to "http://localhost:1420/folder-analysis", waiting until "load"


      3 | test.describe('Database Operations', () => {
      4 |   test.beforeEach(async ({ page }) => {
    > 5 |     await page.goto('/folder-analysis');
        |                ^
      6 |     await page.waitForLoadState('networkidle');
      7 |   });
      8 |
        at D:\Users\Administrator\Desktop\PowerShell_Script_Repository\FolderSizeMonitor\sys-monitor\tests\e2e\tests\database-operations.spec.ts:5:16

    attachment #1: screenshot (image/png) ──────────────────────────────────────────────────────────
    ..\test-results\database-operations-Databa-f4924--database-path-successfully-chromium\test-failed-1.png
    ────────────────────────────────────────────────────────────────────────────────────────────────

    attachment #2: video (video/webm) ──────────────────────────────────────────────────────────────
    ..\test-results\database-operations-Databa-f4924--database-path-successfully-chromium\video.webm
    ────────────────────────────────────────────────────────────────────────────────────────────────

    Error Context: ..\test-results\database-operations-Databa-f4924--database-path-successfully-chromium\error-context.md
]]>
</error>
</testcase>
<testcase name="Database Operations › should handle database path errors" classname="database-operations.spec.ts" time="3.558">
<system-out>
<![CDATA[
[[ATTACHMENT|test-results\database-operations-Databa-e2f4c-handle-database-path-errors-chromium\test-failed-1.png]]

[[ATTACHMENT|test-results\database-operations-Databa-e2f4c-handle-database-path-errors-chromium\video.webm]]

[[ATTACHMENT|test-results\database-operations-Databa-e2f4c-handle-database-path-errors-chromium\error-context.md]]
]]>
</system-out>
<error message="page.goto: net::ERR_CONNECTION_REFUSED at http://localhost:1420/folder-analysis" type="Error">
<![CDATA[  [chromium] › database-operations.spec.ts:26:7 › Database Operations › should handle database path errors 

    Error: page.goto: net::ERR_CONNECTION_REFUSED at http://localhost:1420/folder-analysis
    Call log:
      - navigating to "http://localhost:1420/folder-analysis", waiting until "load"


      3 | test.describe('Database Operations', () => {
      4 |   test.beforeEach(async ({ page }) => {
    > 5 |     await page.goto('/folder-analysis');
        |                ^
      6 |     await page.waitForLoadState('networkidle');
      7 |   });
      8 |
        at D:\Users\Administrator\Desktop\PowerShell_Script_Repository\FolderSizeMonitor\sys-monitor\tests\e2e\tests\database-operations.spec.ts:5:16

    attachment #1: screenshot (image/png) ──────────────────────────────────────────────────────────
    ..\test-results\database-operations-Databa-e2f4c-handle-database-path-errors-chromium\test-failed-1.png
    ────────────────────────────────────────────────────────────────────────────────────────────────

    attachment #2: video (video/webm) ──────────────────────────────────────────────────────────────
    ..\test-results\database-operations-Databa-e2f4c-handle-database-path-errors-chromium\video.webm
    ────────────────────────────────────────────────────────────────────────────────────────────────

    Error Context: ..\test-results\database-operations-Databa-e2f4c-handle-database-path-errors-chromium\error-context.md
]]>
</error>
</testcase>
<testcase name="Database Operations › should create folder scan record" classname="database-operations.spec.ts" time="3.445">
<system-out>
<![CDATA[
[[ATTACHMENT|test-results\database-operations-Databa-0a0bf-d-create-folder-scan-record-chromium\test-failed-1.png]]

[[ATTACHMENT|test-results\database-operations-Databa-0a0bf-d-create-folder-scan-record-chromium\video.webm]]

[[ATTACHMENT|test-results\database-operations-Databa-0a0bf-d-create-folder-scan-record-chromium\error-context.md]]
]]>
</system-out>
<error message="page.goto: net::ERR_CONNECTION_REFUSED at http://localhost:1420/folder-analysis" type="Error">
<![CDATA[  [chromium] › database-operations.spec.ts:43:7 › Database Operations › should create folder scan record 

    Error: page.goto: net::ERR_CONNECTION_REFUSED at http://localhost:1420/folder-analysis
    Call log:
      - navigating to "http://localhost:1420/folder-analysis", waiting until "load"


      3 | test.describe('Database Operations', () => {
      4 |   test.beforeEach(async ({ page }) => {
    > 5 |     await page.goto('/folder-analysis');
        |                ^
      6 |     await page.waitForLoadState('networkidle');
      7 |   });
      8 |
        at D:\Users\Administrator\Desktop\PowerShell_Script_Repository\FolderSizeMonitor\sys-monitor\tests\e2e\tests\database-operations.spec.ts:5:16

    attachment #1: screenshot (image/png) ──────────────────────────────────────────────────────────
    ..\test-results\database-operations-Databa-0a0bf-d-create-folder-scan-record-chromium\test-failed-1.png
    ────────────────────────────────────────────────────────────────────────────────────────────────

    attachment #2: video (video/webm) ──────────────────────────────────────────────────────────────
    ..\test-results\database-operations-Databa-0a0bf-d-create-folder-scan-record-chromium\video.webm
    ────────────────────────────────────────────────────────────────────────────────────────────────

    Error Context: ..\test-results\database-operations-Databa-0a0bf-d-create-folder-scan-record-chromium\error-context.md
]]>
</error>
</testcase>
<testcase name="Database Operations › should retrieve folder scan history" classname="database-operations.spec.ts" time="3.495">
<system-out>
<![CDATA[
[[ATTACHMENT|test-results\database-operations-Databa-fae15-etrieve-folder-scan-history-chromium\test-failed-1.png]]

[[ATTACHMENT|test-results\database-operations-Databa-fae15-etrieve-folder-scan-history-chromium\video.webm]]

[[ATTACHMENT|test-results\database-operations-Databa-fae15-etrieve-folder-scan-history-chromium\error-context.md]]
]]>
</system-out>
<error message="page.goto: net::ERR_CONNECTION_REFUSED at http://localhost:1420/folder-analysis" type="Error">
<![CDATA[  [chromium] › database-operations.spec.ts:87:7 › Database Operations › should retrieve folder scan history 

    Error: page.goto: net::ERR_CONNECTION_REFUSED at http://localhost:1420/folder-analysis
    Call log:
      - navigating to "http://localhost:1420/folder-analysis", waiting until "load"


      3 | test.describe('Database Operations', () => {
      4 |   test.beforeEach(async ({ page }) => {
    > 5 |     await page.goto('/folder-analysis');
        |                ^
      6 |     await page.waitForLoadState('networkidle');
      7 |   });
      8 |
        at D:\Users\Administrator\Desktop\PowerShell_Script_Repository\FolderSizeMonitor\sys-monitor\tests\e2e\tests\database-operations.spec.ts:5:16

    attachment #1: screenshot (image/png) ──────────────────────────────────────────────────────────
    ..\test-results\database-operations-Databa-fae15-etrieve-folder-scan-history-chromium\test-failed-1.png
    ────────────────────────────────────────────────────────────────────────────────────────────────

    attachment #2: video (video/webm) ──────────────────────────────────────────────────────────────
    ..\test-results\database-operations-Databa-fae15-etrieve-folder-scan-history-chromium\video.webm
    ────────────────────────────────────────────────────────────────────────────────────────────────

    Error Context: ..\test-results\database-operations-Databa-fae15-etrieve-folder-scan-history-chromium\error-context.md
]]>
</error>
</testcase>
<testcase name="Database Operations › should handle empty scan history" classname="database-operations.spec.ts" time="2.986">
<system-out>
<![CDATA[
[[ATTACHMENT|test-results\database-operations-Databa-c544f-d-handle-empty-scan-history-chromium\test-failed-1.png]]

[[ATTACHMENT|test-results\database-operations-Databa-c544f-d-handle-empty-scan-history-chromium\video.webm]]

[[ATTACHMENT|test-results\database-operations-Databa-c544f-d-handle-empty-scan-history-chromium\error-context.md]]
]]>
</system-out>
<error message="page.goto: net::ERR_CONNECTION_REFUSED at http://localhost:1420/folder-analysis" type="Error">
<![CDATA[  [chromium] › database-operations.spec.ts:122:7 › Database Operations › should handle empty scan history 

    Error: page.goto: net::ERR_CONNECTION_REFUSED at http://localhost:1420/folder-analysis
    Call log:
      - navigating to "http://localhost:1420/folder-analysis", waiting until "load"


      3 | test.describe('Database Operations', () => {
      4 |   test.beforeEach(async ({ page }) => {
    > 5 |     await page.goto('/folder-analysis');
        |                ^
      6 |     await page.waitForLoadState('networkidle');
      7 |   });
      8 |
        at D:\Users\Administrator\Desktop\PowerShell_Script_Repository\FolderSizeMonitor\sys-monitor\tests\e2e\tests\database-operations.spec.ts:5:16

    attachment #1: screenshot (image/png) ──────────────────────────────────────────────────────────
    ..\test-results\database-operations-Databa-c544f-d-handle-empty-scan-history-chromium\test-failed-1.png
    ────────────────────────────────────────────────────────────────────────────────────────────────

    attachment #2: video (video/webm) ──────────────────────────────────────────────────────────────
    ..\test-results\database-operations-Databa-c544f-d-handle-empty-scan-history-chromium\video.webm
    ────────────────────────────────────────────────────────────────────────────────────────────────

    Error Context: ..\test-results\database-operations-Databa-c544f-d-handle-empty-scan-history-chromium\error-context.md
]]>
</error>
</testcase>
<testcase name="Database Operations › should handle database connection errors" classname="database-operations.spec.ts" time="2.973">
<system-out>
<![CDATA[
[[ATTACHMENT|test-results\database-operations-Databa-2a0c5--database-connection-errors-chromium\test-failed-1.png]]

[[ATTACHMENT|test-results\database-operations-Databa-2a0c5--database-connection-errors-chromium\video.webm]]

[[ATTACHMENT|test-results\database-operations-Databa-2a0c5--database-connection-errors-chromium\error-context.md]]
]]>
</system-out>
<error message="page.goto: net::ERR_CONNECTION_REFUSED at http://localhost:1420/folder-analysis" type="Error">
<![CDATA[  [chromium] › database-operations.spec.ts:137:7 › Database Operations › should handle database connection errors 

    Error: page.goto: net::ERR_CONNECTION_REFUSED at http://localhost:1420/folder-analysis
    Call log:
      - navigating to "http://localhost:1420/folder-analysis", waiting until "load"


      3 | test.describe('Database Operations', () => {
      4 |   test.beforeEach(async ({ page }) => {
    > 5 |     await page.goto('/folder-analysis');
        |                ^
      6 |     await page.waitForLoadState('networkidle');
      7 |   });
      8 |
        at D:\Users\Administrator\Desktop\PowerShell_Script_Repository\FolderSizeMonitor\sys-monitor\tests\e2e\tests\database-operations.spec.ts:5:16

    attachment #1: screenshot (image/png) ──────────────────────────────────────────────────────────
    ..\test-results\database-operations-Databa-2a0c5--database-connection-errors-chromium\test-failed-1.png
    ────────────────────────────────────────────────────────────────────────────────────────────────

    attachment #2: video (video/webm) ──────────────────────────────────────────────────────────────
    ..\test-results\database-operations-Databa-2a0c5--database-connection-errors-chromium\video.webm
    ────────────────────────────────────────────────────────────────────────────────────────────────

    Error Context: ..\test-results\database-operations-Databa-2a0c5--database-connection-errors-chromium\error-context.md
]]>
</error>
</testcase>
<testcase name="Database Operations › should handle database timeout errors" classname="database-operations.spec.ts" time="3.092">
<system-out>
<![CDATA[
[[ATTACHMENT|test-results\database-operations-Databa-3a72f-dle-database-timeout-errors-chromium\test-failed-1.png]]

[[ATTACHMENT|test-results\database-operations-Databa-3a72f-dle-database-timeout-errors-chromium\video.webm]]

[[ATTACHMENT|test-results\database-operations-Databa-3a72f-dle-database-timeout-errors-chromium\error-context.md]]
]]>
</system-out>
<error message="page.goto: net::ERR_CONNECTION_REFUSED at http://localhost:1420/folder-analysis" type="Error">
<![CDATA[  [chromium] › database-operations.spec.ts:162:7 › Database Operations › should handle database timeout errors 

    Error: page.goto: net::ERR_CONNECTION_REFUSED at http://localhost:1420/folder-analysis
    Call log:
      - navigating to "http://localhost:1420/folder-analysis", waiting until "load"


      3 | test.describe('Database Operations', () => {
      4 |   test.beforeEach(async ({ page }) => {
    > 5 |     await page.goto('/folder-analysis');
        |                ^
      6 |     await page.waitForLoadState('networkidle');
      7 |   });
      8 |
        at D:\Users\Administrator\Desktop\PowerShell_Script_Repository\FolderSizeMonitor\sys-monitor\tests\e2e\tests\database-operations.spec.ts:5:16

    attachment #1: screenshot (image/png) ──────────────────────────────────────────────────────────
    ..\test-results\database-operations-Databa-3a72f-dle-database-timeout-errors-chromium\test-failed-1.png
    ────────────────────────────────────────────────────────────────────────────────────────────────

    attachment #2: video (video/webm) ──────────────────────────────────────────────────────────────
    ..\test-results\database-operations-Databa-3a72f-dle-database-timeout-errors-chromium\video.webm
    ────────────────────────────────────────────────────────────────────────────────────────────────

    Error Context: ..\test-results\database-operations-Databa-3a72f-dle-database-timeout-errors-chromium\error-context.md
]]>
</error>
</testcase>
<testcase name="Database Operations › should handle concurrent database operations" classname="database-operations.spec.ts" time="3.036">
<system-out>
<![CDATA[
[[ATTACHMENT|test-results\database-operations-Databa-ecc0d-current-database-operations-chromium\test-failed-1.png]]

[[ATTACHMENT|test-results\database-operations-Databa-ecc0d-current-database-operations-chromium\video.webm]]

[[ATTACHMENT|test-results\database-operations-Databa-ecc0d-current-database-operations-chromium\error-context.md]]
]]>
</system-out>
<error message="page.goto: net::ERR_CONNECTION_REFUSED at http://localhost:1420/folder-analysis" type="Error">
<![CDATA[  [chromium] › database-operations.spec.ts:193:7 › Database Operations › should handle concurrent database operations 

    Error: page.goto: net::ERR_CONNECTION_REFUSED at http://localhost:1420/folder-analysis
    Call log:
      - navigating to "http://localhost:1420/folder-analysis", waiting until "load"


      3 | test.describe('Database Operations', () => {
      4 |   test.beforeEach(async ({ page }) => {
    > 5 |     await page.goto('/folder-analysis');
        |                ^
      6 |     await page.waitForLoadState('networkidle');
      7 |   });
      8 |
        at D:\Users\Administrator\Desktop\PowerShell_Script_Repository\FolderSizeMonitor\sys-monitor\tests\e2e\tests\database-operations.spec.ts:5:16

    attachment #1: screenshot (image/png) ──────────────────────────────────────────────────────────
    ..\test-results\database-operations-Databa-ecc0d-current-database-operations-chromium\test-failed-1.png
    ────────────────────────────────────────────────────────────────────────────────────────────────

    attachment #2: video (video/webm) ──────────────────────────────────────────────────────────────
    ..\test-results\database-operations-Databa-ecc0d-current-database-operations-chromium\video.webm
    ────────────────────────────────────────────────────────────────────────────────────────────────

    Error Context: ..\test-results\database-operations-Databa-ecc0d-current-database-operations-chromium\error-context.md
]]>
</error>
</testcase>
<testcase name="Database Operations › should handle database file permission errors" classname="database-operations.spec.ts" time="3.226">
<system-out>
<![CDATA[
[[ATTACHMENT|test-results\database-operations-Databa-6c682-base-file-permission-errors-chromium\test-failed-1.png]]

[[ATTACHMENT|test-results\database-operations-Databa-6c682-base-file-permission-errors-chromium\video.webm]]

[[ATTACHMENT|test-results\database-operations-Databa-6c682-base-file-permission-errors-chromium\error-context.md]]
]]>
</system-out>
<error message="page.goto: net::ERR_CONNECTION_REFUSED at http://localhost:1420/folder-analysis" type="Error">
<![CDATA[  [chromium] › database-operations.spec.ts:250:7 › Database Operations › should handle database file permission errors 

    Error: page.goto: net::ERR_CONNECTION_REFUSED at http://localhost:1420/folder-analysis
    Call log:
      - navigating to "http://localhost:1420/folder-analysis", waiting until "load"


      3 | test.describe('Database Operations', () => {
      4 |   test.beforeEach(async ({ page }) => {
    > 5 |     await page.goto('/folder-analysis');
        |                ^
      6 |     await page.waitForLoadState('networkidle');
      7 |   });
      8 |
        at D:\Users\Administrator\Desktop\PowerShell_Script_Repository\FolderSizeMonitor\sys-monitor\tests\e2e\tests\database-operations.spec.ts:5:16

    attachment #1: screenshot (image/png) ──────────────────────────────────────────────────────────
    ..\test-results\database-operations-Databa-6c682-base-file-permission-errors-chromium\test-failed-1.png
    ────────────────────────────────────────────────────────────────────────────────────────────────

    attachment #2: video (video/webm) ──────────────────────────────────────────────────────────────
    ..\test-results\database-operations-Databa-6c682-base-file-permission-errors-chromium\video.webm
    ────────────────────────────────────────────────────────────────────────────────────────────────

    Error Context: ..\test-results\database-operations-Databa-6c682-base-file-permission-errors-chromium\error-context.md
]]>
</error>
</testcase>
<testcase name="Database Operations › should handle database corruption errors" classname="database-operations.spec.ts" time="3.268">
<system-out>
<![CDATA[
[[ATTACHMENT|test-results\database-operations-Databa-7b8ef--database-corruption-errors-chromium\test-failed-1.png]]

[[ATTACHMENT|test-results\database-operations-Databa-7b8ef--database-corruption-errors-chromium\video.webm]]

[[ATTACHMENT|test-results\database-operations-Databa-7b8ef--database-corruption-errors-chromium\error-context.md]]
]]>
</system-out>
<error message="page.goto: net::ERR_CONNECTION_REFUSED at http://localhost:1420/folder-analysis" type="Error">
<![CDATA[  [chromium] › database-operations.spec.ts:275:7 › Database Operations › should handle database corruption errors 

    Error: page.goto: net::ERR_CONNECTION_REFUSED at http://localhost:1420/folder-analysis
    Call log:
      - navigating to "http://localhost:1420/folder-analysis", waiting until "load"


      3 | test.describe('Database Operations', () => {
      4 |   test.beforeEach(async ({ page }) => {
    > 5 |     await page.goto('/folder-analysis');
        |                ^
      6 |     await page.waitForLoadState('networkidle');
      7 |   });
      8 |
        at D:\Users\Administrator\Desktop\PowerShell_Script_Repository\FolderSizeMonitor\sys-monitor\tests\e2e\tests\database-operations.spec.ts:5:16

    attachment #1: screenshot (image/png) ──────────────────────────────────────────────────────────
    ..\test-results\database-operations-Databa-7b8ef--database-corruption-errors-chromium\test-failed-1.png
    ────────────────────────────────────────────────────────────────────────────────────────────────

    attachment #2: video (video/webm) ──────────────────────────────────────────────────────────────
    ..\test-results\database-operations-Databa-7b8ef--database-corruption-errors-chromium\video.webm
    ────────────────────────────────────────────────────────────────────────────────────────────────

    Error Context: ..\test-results\database-operations-Databa-7b8ef--database-corruption-errors-chromium\error-context.md
]]>
</error>
</testcase>
<testcase name="Database Operations › should handle database schema version mismatches" classname="database-operations.spec.ts" time="3.238">
<system-out>
<![CDATA[
[[ATTACHMENT|test-results\database-operations-Databa-2a2e4-e-schema-version-mismatches-chromium\test-failed-1.png]]

[[ATTACHMENT|test-results\database-operations-Databa-2a2e4-e-schema-version-mismatches-chromium\video.webm]]

[[ATTACHMENT|test-results\database-operations-Databa-2a2e4-e-schema-version-mismatches-chromium\error-context.md]]
]]>
</system-out>
<error message="page.goto: net::ERR_CONNECTION_REFUSED at http://localhost:1420/folder-analysis" type="Error">
<![CDATA[  [chromium] › database-operations.spec.ts:292:7 › Database Operations › should handle database schema version mismatches 

    Error: page.goto: net::ERR_CONNECTION_REFUSED at http://localhost:1420/folder-analysis
    Call log:
      - navigating to "http://localhost:1420/folder-analysis", waiting until "load"


      3 | test.describe('Database Operations', () => {
      4 |   test.beforeEach(async ({ page }) => {
    > 5 |     await page.goto('/folder-analysis');
        |                ^
      6 |     await page.waitForLoadState('networkidle');
      7 |   });
      8 |
        at D:\Users\Administrator\Desktop\PowerShell_Script_Repository\FolderSizeMonitor\sys-monitor\tests\e2e\tests\database-operations.spec.ts:5:16

    attachment #1: screenshot (image/png) ──────────────────────────────────────────────────────────
    ..\test-results\database-operations-Databa-2a2e4-e-schema-version-mismatches-chromium\test-failed-1.png
    ────────────────────────────────────────────────────────────────────────────────────────────────

    attachment #2: video (video/webm) ──────────────────────────────────────────────────────────────
    ..\test-results\database-operations-Databa-2a2e4-e-schema-version-mismatches-chromium\video.webm
    ────────────────────────────────────────────────────────────────────────────────────────────────

    Error Context: ..\test-results\database-operations-Databa-2a2e4-e-schema-version-mismatches-chromium\error-context.md
]]>
</error>
</testcase>
<testcase name="Database Operations › should handle database disk space errors" classname="database-operations.spec.ts" time="3.237">
<system-out>
<![CDATA[
[[ATTACHMENT|test-results\database-operations-Databa-4f0eb--database-disk-space-errors-chromium\test-failed-1.png]]

[[ATTACHMENT|test-results\database-operations-Databa-4f0eb--database-disk-space-errors-chromium\video.webm]]

[[ATTACHMENT|test-results\database-operations-Databa-4f0eb--database-disk-space-errors-chromium\error-context.md]]
]]>
</system-out>
<error message="page.goto: net::ERR_CONNECTION_REFUSED at http://localhost:1420/folder-analysis" type="Error">
<![CDATA[  [chromium] › database-operations.spec.ts:317:7 › Database Operations › should handle database disk space errors 

    Error: page.goto: net::ERR_CONNECTION_REFUSED at http://localhost:1420/folder-analysis
    Call log:
      - navigating to "http://localhost:1420/folder-analysis", waiting until "load"


      3 | test.describe('Database Operations', () => {
      4 |   test.beforeEach(async ({ page }) => {
    > 5 |     await page.goto('/folder-analysis');
        |                ^
      6 |     await page.waitForLoadState('networkidle');
      7 |   });
      8 |
        at D:\Users\Administrator\Desktop\PowerShell_Script_Repository\FolderSizeMonitor\sys-monitor\tests\e2e\tests\database-operations.spec.ts:5:16

    attachment #1: screenshot (image/png) ──────────────────────────────────────────────────────────
    ..\test-results\database-operations-Databa-4f0eb--database-disk-space-errors-chromium\test-failed-1.png
    ────────────────────────────────────────────────────────────────────────────────────────────────

    attachment #2: video (video/webm) ──────────────────────────────────────────────────────────────
    ..\test-results\database-operations-Databa-4f0eb--database-disk-space-errors-chromium\video.webm
    ────────────────────────────────────────────────────────────────────────────────────────────────

    Error Context: ..\test-results\database-operations-Databa-4f0eb--database-disk-space-errors-chromium\error-context.md
]]>
</error>
</testcase>
<testcase name="Database Operations › should handle database transaction conflicts" classname="database-operations.spec.ts" time="2.902">
<system-out>
<![CDATA[
[[ATTACHMENT|test-results\database-operations-Databa-b7589-abase-transaction-conflicts-chromium\test-failed-1.png]]

[[ATTACHMENT|test-results\database-operations-Databa-b7589-abase-transaction-conflicts-chromium\video.webm]]

[[ATTACHMENT|test-results\database-operations-Databa-b7589-abase-transaction-conflicts-chromium\error-context.md]]
]]>
</system-out>
<error message="page.goto: net::ERR_CONNECTION_REFUSED at http://localhost:1420/folder-analysis" type="Error">
<![CDATA[  [chromium] › database-operations.spec.ts:342:7 › Database Operations › should handle database transaction conflicts 

    Error: page.goto: net::ERR_CONNECTION_REFUSED at http://localhost:1420/folder-analysis
    Call log:
      - navigating to "http://localhost:1420/folder-analysis", waiting until "load"


      3 | test.describe('Database Operations', () => {
      4 |   test.beforeEach(async ({ page }) => {
    > 5 |     await page.goto('/folder-analysis');
        |                ^
      6 |     await page.waitForLoadState('networkidle');
      7 |   });
      8 |
        at D:\Users\Administrator\Desktop\PowerShell_Script_Repository\FolderSizeMonitor\sys-monitor\tests\e2e\tests\database-operations.spec.ts:5:16

    attachment #1: screenshot (image/png) ──────────────────────────────────────────────────────────
    ..\test-results\database-operations-Databa-b7589-abase-transaction-conflicts-chromium\test-failed-1.png
    ────────────────────────────────────────────────────────────────────────────────────────────────

    attachment #2: video (video/webm) ──────────────────────────────────────────────────────────────
    ..\test-results\database-operations-Databa-b7589-abase-transaction-conflicts-chromium\video.webm
    ────────────────────────────────────────────────────────────────────────────────────────────────

    Error Context: ..\test-results\database-operations-Databa-b7589-abase-transaction-conflicts-chromium\error-context.md
]]>
</error>
</testcase>
<testcase name="Database Operations › should handle database connection pool exhaustion" classname="database-operations.spec.ts" time="2.93">
<system-out>
<![CDATA[
[[ATTACHMENT|test-results\database-operations-Databa-4f3aa--connection-pool-exhaustion-chromium\test-failed-1.png]]

[[ATTACHMENT|test-results\database-operations-Databa-4f3aa--connection-pool-exhaustion-chromium\video.webm]]

[[ATTACHMENT|test-results\database-operations-Databa-4f3aa--connection-pool-exhaustion-chromium\error-context.md]]
]]>
</system-out>
<error message="page.goto: net::ERR_CONNECTION_REFUSED at http://localhost:1420/folder-analysis" type="Error">
<![CDATA[  [chromium] › database-operations.spec.ts:383:7 › Database Operations › should handle database connection pool exhaustion 

    Error: page.goto: net::ERR_CONNECTION_REFUSED at http://localhost:1420/folder-analysis
    Call log:
      - navigating to "http://localhost:1420/folder-analysis", waiting until "load"


      3 | test.describe('Database Operations', () => {
      4 |   test.beforeEach(async ({ page }) => {
    > 5 |     await page.goto('/folder-analysis');
        |                ^
      6 |     await page.waitForLoadState('networkidle');
      7 |   });
      8 |
        at D:\Users\Administrator\Desktop\PowerShell_Script_Repository\FolderSizeMonitor\sys-monitor\tests\e2e\tests\database-operations.spec.ts:5:16

    attachment #1: screenshot (image/png) ──────────────────────────────────────────────────────────
    ..\test-results\database-operations-Databa-4f3aa--connection-pool-exhaustion-chromium\test-failed-1.png
    ────────────────────────────────────────────────────────────────────────────────────────────────

    attachment #2: video (video/webm) ──────────────────────────────────────────────────────────────
    ..\test-results\database-operations-Databa-4f3aa--connection-pool-exhaustion-chromium\video.webm
    ────────────────────────────────────────────────────────────────────────────────────────────────

    Error Context: ..\test-results\database-operations-Databa-4f3aa--connection-pool-exhaustion-chromium\error-context.md
]]>
</error>
</testcase>
<testcase name="Database Operations › should handle database query optimization" classname="database-operations.spec.ts" time="2.969">
<system-out>
<![CDATA[
[[ATTACHMENT|test-results\database-operations-Databa-9688d-database-query-optimization-chromium\test-failed-1.png]]

[[ATTACHMENT|test-results\database-operations-Databa-9688d-database-query-optimization-chromium\video.webm]]

[[ATTACHMENT|test-results\database-operations-Databa-9688d-database-query-optimization-chromium\error-context.md]]
]]>
</system-out>
<error message="page.goto: net::ERR_CONNECTION_REFUSED at http://localhost:1420/folder-analysis" type="Error">
<![CDATA[  [chromium] › database-operations.spec.ts:408:7 › Database Operations › should handle database query optimization 

    Error: page.goto: net::ERR_CONNECTION_REFUSED at http://localhost:1420/folder-analysis
    Call log:
      - navigating to "http://localhost:1420/folder-analysis", waiting until "load"


      3 | test.describe('Database Operations', () => {
      4 |   test.beforeEach(async ({ page }) => {
    > 5 |     await page.goto('/folder-analysis');
        |                ^
      6 |     await page.waitForLoadState('networkidle');
      7 |   });
      8 |
        at D:\Users\Administrator\Desktop\PowerShell_Script_Repository\FolderSizeMonitor\sys-monitor\tests\e2e\tests\database-operations.spec.ts:5:16

    attachment #1: screenshot (image/png) ──────────────────────────────────────────────────────────
    ..\test-results\database-operations-Databa-9688d-database-query-optimization-chromium\test-failed-1.png
    ────────────────────────────────────────────────────────────────────────────────────────────────

    attachment #2: video (video/webm) ──────────────────────────────────────────────────────────────
    ..\test-results\database-operations-Databa-9688d-database-query-optimization-chromium\video.webm
    ────────────────────────────────────────────────────────────────────────────────────────────────

    Error Context: ..\test-results\database-operations-Databa-9688d-database-query-optimization-chromium\error-context.md
]]>
</error>
</testcase>
<testcase name="Database Operations › should handle database index corruption" classname="database-operations.spec.ts" time="2.986">
<system-out>
<![CDATA[
[[ATTACHMENT|test-results\database-operations-Databa-ded6e-e-database-index-corruption-chromium\test-failed-1.png]]

[[ATTACHMENT|test-results\database-operations-Databa-ded6e-e-database-index-corruption-chromium\video.webm]]

[[ATTACHMENT|test-results\database-operations-Databa-ded6e-e-database-index-corruption-chromium\error-context.md]]
]]>
</system-out>
<error message="page.goto: net::ERR_CONNECTION_REFUSED at http://localhost:1420/folder-analysis" type="Error">
<![CDATA[  [chromium] › database-operations.spec.ts:434:7 › Database Operations › should handle database index corruption 

    Error: page.goto: net::ERR_CONNECTION_REFUSED at http://localhost:1420/folder-analysis
    Call log:
      - navigating to "http://localhost:1420/folder-analysis", waiting until "load"


      3 | test.describe('Database Operations', () => {
      4 |   test.beforeEach(async ({ page }) => {
    > 5 |     await page.goto('/folder-analysis');
        |                ^
      6 |     await page.waitForLoadState('networkidle');
      7 |   });
      8 |
        at D:\Users\Administrator\Desktop\PowerShell_Script_Repository\FolderSizeMonitor\sys-monitor\tests\e2e\tests\database-operations.spec.ts:5:16

    attachment #1: screenshot (image/png) ──────────────────────────────────────────────────────────
    ..\test-results\database-operations-Databa-ded6e-e-database-index-corruption-chromium\test-failed-1.png
    ────────────────────────────────────────────────────────────────────────────────────────────────

    attachment #2: video (video/webm) ──────────────────────────────────────────────────────────────
    ..\test-results\database-operations-Databa-ded6e-e-database-index-corruption-chromium\video.webm
    ────────────────────────────────────────────────────────────────────────────────────────────────

    Error Context: ..\test-results\database-operations-Databa-ded6e-e-database-index-corruption-chromium\error-context.md
]]>
</error>
</testcase>
<testcase name="Database Operations › should handle database vacuum operations" classname="database-operations.spec.ts" time="3.218">
<system-out>
<![CDATA[
[[ATTACHMENT|test-results\database-operations-Databa-5eba1--database-vacuum-operations-chromium\test-failed-1.png]]

[[ATTACHMENT|test-results\database-operations-Databa-5eba1--database-vacuum-operations-chromium\video.webm]]

[[ATTACHMENT|test-results\database-operations-Databa-5eba1--database-vacuum-operations-chromium\error-context.md]]
]]>
</system-out>
<error message="page.goto: net::ERR_CONNECTION_REFUSED at http://localhost:1420/folder-analysis" type="Error">
<![CDATA[  [chromium] › database-operations.spec.ts:451:7 › Database Operations › should handle database vacuum operations 

    Error: page.goto: net::ERR_CONNECTION_REFUSED at http://localhost:1420/folder-analysis
    Call log:
      - navigating to "http://localhost:1420/folder-analysis", waiting until "load"


      3 | test.describe('Database Operations', () => {
      4 |   test.beforeEach(async ({ page }) => {
    > 5 |     await page.goto('/folder-analysis');
        |                ^
      6 |     await page.waitForLoadState('networkidle');
      7 |   });
      8 |
        at D:\Users\Administrator\Desktop\PowerShell_Script_Repository\FolderSizeMonitor\sys-monitor\tests\e2e\tests\database-operations.spec.ts:5:16

    attachment #1: screenshot (image/png) ──────────────────────────────────────────────────────────
    ..\test-results\database-operations-Databa-5eba1--database-vacuum-operations-chromium\test-failed-1.png
    ────────────────────────────────────────────────────────────────────────────────────────────────

    attachment #2: video (video/webm) ──────────────────────────────────────────────────────────────
    ..\test-results\database-operations-Databa-5eba1--database-vacuum-operations-chromium\video.webm
    ────────────────────────────────────────────────────────────────────────────────────────────────

    Error Context: ..\test-results\database-operations-Databa-5eba1--database-vacuum-operations-chromium\error-context.md
]]>
</error>
</testcase>
</testsuite>
<testsuite name="edge-cases.spec.ts" timestamp="2026-04-14T13:07:19.920Z" hostname="chromium" tests="19" failures="0" skipped="0" time="60.098" errors="19">
<testcase name="Edge Cases and Performance Testing › should handle empty folder scanning" classname="edge-cases.spec.ts" time="3.279">
<system-out>
<![CDATA[
[[ATTACHMENT|test-results\edge-cases-Edge-Cases-and--7b7f6-andle-empty-folder-scanning-chromium\test-failed-1.png]]

[[ATTACHMENT|test-results\edge-cases-Edge-Cases-and--7b7f6-andle-empty-folder-scanning-chromium\video.webm]]

[[ATTACHMENT|test-results\edge-cases-Edge-Cases-and--7b7f6-andle-empty-folder-scanning-chromium\error-context.md]]
]]>
</system-out>
<error message="page.goto: net::ERR_CONNECTION_REFUSED at http://localhost:1420/folder-analysis" type="Error">
<![CDATA[  [chromium] › edge-cases.spec.ts:9:7 › Edge Cases and Performance Testing › should handle empty folder scanning 

    Error: page.goto: net::ERR_CONNECTION_REFUSED at http://localhost:1420/folder-analysis
    Call log:
      - navigating to "http://localhost:1420/folder-analysis", waiting until "load"


      3 | test.describe('Edge Cases and Performance Testing', () => {
      4 |   test.beforeEach(async ({ page }) => {
    > 5 |     await page.goto('/folder-analysis');
        |                ^
      6 |     await page.waitForLoadState('networkidle');
      7 |   });
      8 |
        at D:\Users\Administrator\Desktop\PowerShell_Script_Repository\FolderSizeMonitor\sys-monitor\tests\e2e\tests\edge-cases.spec.ts:5:16

    attachment #1: screenshot (image/png) ──────────────────────────────────────────────────────────
    ..\test-results\edge-cases-Edge-Cases-and--7b7f6-andle-empty-folder-scanning-chromium\test-failed-1.png
    ────────────────────────────────────────────────────────────────────────────────────────────────

    attachment #2: video (video/webm) ──────────────────────────────────────────────────────────────
    ..\test-results\edge-cases-Edge-Cases-and--7b7f6-andle-empty-folder-scanning-chromium\video.webm
    ────────────────────────────────────────────────────────────────────────────────────────────────

    Error Context: ..\test-results\edge-cases-Edge-Cases-and--7b7f6-andle-empty-folder-scanning-chromium\error-context.md
]]>
</error>
</testcase>
<testcase name="Edge Cases and Performance Testing › should handle folders with special characters" classname="edge-cases.spec.ts" time="3.366">
<system-out>
<![CDATA[
[[ATTACHMENT|test-results\edge-cases-Edge-Cases-and--1db7f-ers-with-special-characters-chromium\test-failed-1.png]]

[[ATTACHMENT|test-results\edge-cases-Edge-Cases-and--1db7f-ers-with-special-characters-chromium\video.webm]]

[[ATTACHMENT|test-results\edge-cases-Edge-Cases-and--1db7f-ers-with-special-characters-chromium\error-context.md]]
]]>
</system-out>
<error message="page.goto: net::ERR_CONNECTION_REFUSED at http://localhost:1420/folder-analysis" type="Error">
<![CDATA[  [chromium] › edge-cases.spec.ts:42:7 › Edge Cases and Performance Testing › should handle folders with special characters 

    Error: page.goto: net::ERR_CONNECTION_REFUSED at http://localhost:1420/folder-analysis
    Call log:
      - navigating to "http://localhost:1420/folder-analysis", waiting until "load"


      3 | test.describe('Edge Cases and Performance Testing', () => {
      4 |   test.beforeEach(async ({ page }) => {
    > 5 |     await page.goto('/folder-analysis');
        |                ^
      6 |     await page.waitForLoadState('networkidle');
      7 |   });
      8 |
        at D:\Users\Administrator\Desktop\PowerShell_Script_Repository\FolderSizeMonitor\sys-monitor\tests\e2e\tests\edge-cases.spec.ts:5:16

    attachment #1: screenshot (image/png) ──────────────────────────────────────────────────────────
    ..\test-results\edge-cases-Edge-Cases-and--1db7f-ers-with-special-characters-chromium\test-failed-1.png
    ────────────────────────────────────────────────────────────────────────────────────────────────

    attachment #2: video (video/webm) ──────────────────────────────────────────────────────────────
    ..\test-results\edge-cases-Edge-Cases-and--1db7f-ers-with-special-characters-chromium\video.webm
    ────────────────────────────────────────────────────────────────────────────────────────────────

    Error Context: ..\test-results\edge-cases-Edge-Cases-and--1db7f-ers-with-special-characters-chromium\error-context.md
]]>
</error>
</testcase>
<testcase name="Edge Cases and Performance Testing › should handle very long folder paths" classname="edge-cases.spec.ts" time="3.262">
<system-out>
<![CDATA[
[[ATTACHMENT|test-results\edge-cases-Edge-Cases-and--25c56-ndle-very-long-folder-paths-chromium\test-failed-1.png]]

[[ATTACHMENT|test-results\edge-cases-Edge-Cases-and--25c56-ndle-very-long-folder-paths-chromium\video.webm]]

[[ATTACHMENT|test-results\edge-cases-Edge-Cases-and--25c56-ndle-very-long-folder-paths-chromium\error-context.md]]
]]>
</system-out>
<error message="page.goto: net::ERR_CONNECTION_REFUSED at http://localhost:1420/folder-analysis" type="Error">
<![CDATA[  [chromium] › edge-cases.spec.ts:68:7 › Edge Cases and Performance Testing › should handle very long folder paths 

    Error: page.goto: net::ERR_CONNECTION_REFUSED at http://localhost:1420/folder-analysis
    Call log:
      - navigating to "http://localhost:1420/folder-analysis", waiting until "load"


      3 | test.describe('Edge Cases and Performance Testing', () => {
      4 |   test.beforeEach(async ({ page }) => {
    > 5 |     await page.goto('/folder-analysis');
        |                ^
      6 |     await page.waitForLoadState('networkidle');
      7 |   });
      8 |
        at D:\Users\Administrator\Desktop\PowerShell_Script_Repository\FolderSizeMonitor\sys-monitor\tests\e2e\tests\edge-cases.spec.ts:5:16

    attachment #1: screenshot (image/png) ──────────────────────────────────────────────────────────
    ..\test-results\edge-cases-Edge-Cases-and--25c56-ndle-very-long-folder-paths-chromium\test-failed-1.png
    ────────────────────────────────────────────────────────────────────────────────────────────────

    attachment #2: video (video/webm) ──────────────────────────────────────────────────────────────
    ..\test-results\edge-cases-Edge-Cases-and--25c56-ndle-very-long-folder-paths-chromium\video.webm
    ────────────────────────────────────────────────────────────────────────────────────────────────

    Error Context: ..\test-results\edge-cases-Edge-Cases-and--25c56-ndle-very-long-folder-paths-chromium\error-context.md
]]>
</error>
</testcase>
<testcase name="Edge Cases and Performance Testing › should handle folders with permission restrictions" classname="edge-cases.spec.ts" time="2.937">
<system-out>
<![CDATA[
[[ATTACHMENT|test-results\edge-cases-Edge-Cases-and--47e8a-ith-permission-restrictions-chromium\test-failed-1.png]]

[[ATTACHMENT|test-results\edge-cases-Edge-Cases-and--47e8a-ith-permission-restrictions-chromium\video.webm]]

[[ATTACHMENT|test-results\edge-cases-Edge-Cases-and--47e8a-ith-permission-restrictions-chromium\error-context.md]]
]]>
</system-out>
<error message="page.goto: net::ERR_CONNECTION_REFUSED at http://localhost:1420/folder-analysis" type="Error">
<![CDATA[  [chromium] › edge-cases.spec.ts:94:7 › Edge Cases and Performance Testing › should handle folders with permission restrictions 

    Error: page.goto: net::ERR_CONNECTION_REFUSED at http://localhost:1420/folder-analysis
    Call log:
      - navigating to "http://localhost:1420/folder-analysis", waiting until "load"


      3 | test.describe('Edge Cases and Performance Testing', () => {
      4 |   test.beforeEach(async ({ page }) => {
    > 5 |     await page.goto('/folder-analysis');
        |                ^
      6 |     await page.waitForLoadState('networkidle');
      7 |   });
      8 |
        at D:\Users\Administrator\Desktop\PowerShell_Script_Repository\FolderSizeMonitor\sys-monitor\tests\e2e\tests\edge-cases.spec.ts:5:16

    attachment #1: screenshot (image/png) ──────────────────────────────────────────────────────────
    ..\test-results\edge-cases-Edge-Cases-and--47e8a-ith-permission-restrictions-chromium\test-failed-1.png
    ────────────────────────────────────────────────────────────────────────────────────────────────

    attachment #2: video (video/webm) ──────────────────────────────────────────────────────────────
    ..\test-results\edge-cases-Edge-Cases-and--47e8a-ith-permission-restrictions-chromium\video.webm
    ────────────────────────────────────────────────────────────────────────────────────────────────

    Error Context: ..\test-results\edge-cases-Edge-Cases-and--47e8a-ith-permission-restrictions-chromium\error-context.md
]]>
</error>
</testcase>
<testcase name="Edge Cases and Performance Testing › should handle network drive paths" classname="edge-cases.spec.ts" time="3.015">
<system-out>
<![CDATA[
[[ATTACHMENT|test-results\edge-cases-Edge-Cases-and--313a6--handle-network-drive-paths-chromium\test-failed-1.png]]

[[ATTACHMENT|test-results\edge-cases-Edge-Cases-and--313a6--handle-network-drive-paths-chromium\video.webm]]

[[ATTACHMENT|test-results\edge-cases-Edge-Cases-and--313a6--handle-network-drive-paths-chromium\error-context.md]]
]]>
</system-out>
<error message="page.goto: net::ERR_CONNECTION_REFUSED at http://localhost:1420/folder-analysis" type="Error">
<![CDATA[  [chromium] › edge-cases.spec.ts:119:7 › Edge Cases and Performance Testing › should handle network drive paths 

    Error: page.goto: net::ERR_CONNECTION_REFUSED at http://localhost:1420/folder-analysis
    Call log:
      - navigating to "http://localhost:1420/folder-analysis", waiting until "load"


      3 | test.describe('Edge Cases and Performance Testing', () => {
      4 |   test.beforeEach(async ({ page }) => {
    > 5 |     await page.goto('/folder-analysis');
        |                ^
      6 |     await page.waitForLoadState('networkidle');
      7 |   });
      8 |
        at D:\Users\Administrator\Desktop\PowerShell_Script_Repository\FolderSizeMonitor\sys-monitor\tests\e2e\tests\edge-cases.spec.ts:5:16

    attachment #1: screenshot (image/png) ──────────────────────────────────────────────────────────
    ..\test-results\edge-cases-Edge-Cases-and--313a6--handle-network-drive-paths-chromium\test-failed-1.png
    ────────────────────────────────────────────────────────────────────────────────────────────────

    attachment #2: video (video/webm) ──────────────────────────────────────────────────────────────
    ..\test-results\edge-cases-Edge-Cases-and--313a6--handle-network-drive-paths-chromium\video.webm
    ────────────────────────────────────────────────────────────────────────────────────────────────

    Error Context: ..\test-results\edge-cases-Edge-Cases-and--313a6--handle-network-drive-paths-chromium\error-context.md
]]>
</error>
</testcase>
<testcase name="Edge Cases and Performance Testing › should handle folders with symbolic links" classname="edge-cases.spec.ts" time="2.967">
<system-out>
<![CDATA[
[[ATTACHMENT|test-results\edge-cases-Edge-Cases-and--cdddf-folders-with-symbolic-links-chromium\test-failed-1.png]]

[[ATTACHMENT|test-results\edge-cases-Edge-Cases-and--cdddf-folders-with-symbolic-links-chromium\video.webm]]

[[ATTACHMENT|test-results\edge-cases-Edge-Cases-and--cdddf-folders-with-symbolic-links-chromium\error-context.md]]
]]>
</system-out>
<error message="page.goto: net::ERR_CONNECTION_REFUSED at http://localhost:1420/folder-analysis" type="Error">
<![CDATA[  [chromium] › edge-cases.spec.ts:145:7 › Edge Cases and Performance Testing › should handle folders with symbolic links 

    Error: page.goto: net::ERR_CONNECTION_REFUSED at http://localhost:1420/folder-analysis
    Call log:
      - navigating to "http://localhost:1420/folder-analysis", waiting until "load"


      3 | test.describe('Edge Cases and Performance Testing', () => {
      4 |   test.beforeEach(async ({ page }) => {
    > 5 |     await page.goto('/folder-analysis');
        |                ^
      6 |     await page.waitForLoadState('networkidle');
      7 |   });
      8 |
        at D:\Users\Administrator\Desktop\PowerShell_Script_Repository\FolderSizeMonitor\sys-monitor\tests\e2e\tests\edge-cases.spec.ts:5:16

    attachment #1: screenshot (image/png) ──────────────────────────────────────────────────────────
    ..\test-results\edge-cases-Edge-Cases-and--cdddf-folders-with-symbolic-links-chromium\test-failed-1.png
    ────────────────────────────────────────────────────────────────────────────────────────────────

    attachment #2: video (video/webm) ──────────────────────────────────────────────────────────────
    ..\test-results\edge-cases-Edge-Cases-and--cdddf-folders-with-symbolic-links-chromium\video.webm
    ────────────────────────────────────────────────────────────────────────────────────────────────

    Error Context: ..\test-results\edge-cases-Edge-Cases-and--cdddf-folders-with-symbolic-links-chromium\error-context.md
]]>
</error>
</testcase>
<testcase name="Edge Cases and Performance Testing › should handle folders with very large files" classname="edge-cases.spec.ts" time="3.146">
<system-out>
<![CDATA[
[[ATTACHMENT|test-results\edge-cases-Edge-Cases-and--49f6f-lders-with-very-large-files-chromium\test-failed-1.png]]

[[ATTACHMENT|test-results\edge-cases-Edge-Cases-and--49f6f-lders-with-very-large-files-chromium\video.webm]]

[[ATTACHMENT|test-results\edge-cases-Edge-Cases-and--49f6f-lders-with-very-large-files-chromium\error-context.md]]
]]>
</system-out>
<error message="page.goto: net::ERR_CONNECTION_REFUSED at http://localhost:1420/folder-analysis" type="Error">
<![CDATA[  [chromium] › edge-cases.spec.ts:175:7 › Edge Cases and Performance Testing › should handle folders with very large files 

    Error: page.goto: net::ERR_CONNECTION_REFUSED at http://localhost:1420/folder-analysis
    Call log:
      - navigating to "http://localhost:1420/folder-analysis", waiting until "load"


      3 | test.describe('Edge Cases and Performance Testing', () => {
      4 |   test.beforeEach(async ({ page }) => {
    > 5 |     await page.goto('/folder-analysis');
        |                ^
      6 |     await page.waitForLoadState('networkidle');
      7 |   });
      8 |
        at D:\Users\Administrator\Desktop\PowerShell_Script_Repository\FolderSizeMonitor\sys-monitor\tests\e2e\tests\edge-cases.spec.ts:5:16

    attachment #1: screenshot (image/png) ──────────────────────────────────────────────────────────
    ..\test-results\edge-cases-Edge-Cases-and--49f6f-lders-with-very-large-files-chromium\test-failed-1.png
    ────────────────────────────────────────────────────────────────────────────────────────────────

    attachment #2: video (video/webm) ──────────────────────────────────────────────────────────────
    ..\test-results\edge-cases-Edge-Cases-and--49f6f-lders-with-very-large-files-chromium\video.webm
    ────────────────────────────────────────────────────────────────────────────────────────────────

    Error Context: ..\test-results\edge-cases-Edge-Cases-and--49f6f-lders-with-very-large-files-chromium\error-context.md
]]>
</error>
</testcase>
<testcase name="Edge Cases and Performance Testing › should handle folders with many small files" classname="edge-cases.spec.ts" time="3.243">
<system-out>
<![CDATA[
[[ATTACHMENT|test-results\edge-cases-Edge-Cases-and--67a0c-lders-with-many-small-files-chromium\test-failed-1.png]]

[[ATTACHMENT|test-results\edge-cases-Edge-Cases-and--67a0c-lders-with-many-small-files-chromium\video.webm]]

[[ATTACHMENT|test-results\edge-cases-Edge-Cases-and--67a0c-lders-with-many-small-files-chromium\error-context.md]]
]]>
</system-out>
<error message="page.goto: net::ERR_CONNECTION_REFUSED at http://localhost:1420/folder-analysis" type="Error">
<![CDATA[  [chromium] › edge-cases.spec.ts:207:7 › Edge Cases and Performance Testing › should handle folders with many small files 

    Error: page.goto: net::ERR_CONNECTION_REFUSED at http://localhost:1420/folder-analysis
    Call log:
      - navigating to "http://localhost:1420/folder-analysis", waiting until "load"


      3 | test.describe('Edge Cases and Performance Testing', () => {
      4 |   test.beforeEach(async ({ page }) => {
    > 5 |     await page.goto('/folder-analysis');
        |                ^
      6 |     await page.waitForLoadState('networkidle');
      7 |   });
      8 |
        at D:\Users\Administrator\Desktop\PowerShell_Script_Repository\FolderSizeMonitor\sys-monitor\tests\e2e\tests\edge-cases.spec.ts:5:16

    attachment #1: screenshot (image/png) ──────────────────────────────────────────────────────────
    ..\test-results\edge-cases-Edge-Cases-and--67a0c-lders-with-many-small-files-chromium\test-failed-1.png
    ────────────────────────────────────────────────────────────────────────────────────────────────

    attachment #2: video (video/webm) ──────────────────────────────────────────────────────────────
    ..\test-results\edge-cases-Edge-Cases-and--67a0c-lders-with-many-small-files-chromium\video.webm
    ────────────────────────────────────────────────────────────────────────────────────────────────

    Error Context: ..\test-results\edge-cases-Edge-Cases-and--67a0c-lders-with-many-small-files-chromium\error-context.md
]]>
</error>
</testcase>
<testcase name="Edge Cases and Performance Testing › should handle folders with deeply nested structure" classname="edge-cases.spec.ts" time="3.248">
<system-out>
<![CDATA[
[[ATTACHMENT|test-results\edge-cases-Edge-Cases-and--c5c86-ith-deeply-nested-structure-chromium\test-failed-1.png]]

[[ATTACHMENT|test-results\edge-cases-Edge-Cases-and--c5c86-ith-deeply-nested-structure-chromium\video.webm]]

[[ATTACHMENT|test-results\edge-cases-Edge-Cases-and--c5c86-ith-deeply-nested-structure-chromium\error-context.md]]
]]>
</system-out>
<error message="page.goto: net::ERR_CONNECTION_REFUSED at http://localhost:1420/folder-analysis" type="Error">
<![CDATA[  [chromium] › edge-cases.spec.ts:239:7 › Edge Cases and Performance Testing › should handle folders with deeply nested structure 

    Error: page.goto: net::ERR_CONNECTION_REFUSED at http://localhost:1420/folder-analysis
    Call log:
      - navigating to "http://localhost:1420/folder-analysis", waiting until "load"


      3 | test.describe('Edge Cases and Performance Testing', () => {
      4 |   test.beforeEach(async ({ page }) => {
    > 5 |     await page.goto('/folder-analysis');
        |                ^
      6 |     await page.waitForLoadState('networkidle');
      7 |   });
      8 |
        at D:\Users\Administrator\Desktop\PowerShell_Script_Repository\FolderSizeMonitor\sys-monitor\tests\e2e\tests\edge-cases.spec.ts:5:16

    attachment #1: screenshot (image/png) ──────────────────────────────────────────────────────────
    ..\test-results\edge-cases-Edge-Cases-and--c5c86-ith-deeply-nested-structure-chromium\test-failed-1.png
    ────────────────────────────────────────────────────────────────────────────────────────────────

    attachment #2: video (video/webm) ──────────────────────────────────────────────────────────────
    ..\test-results\edge-cases-Edge-Cases-and--c5c86-ith-deeply-nested-structure-chromium\video.webm
[...]

[[ATTACHMENT|test-results\tauri-app-Tauri-Application-E2E-Tests-应用程序应成功启动-chromium\video.webm]]

[[ATTACHMENT|test-results\tauri-app-Tauri-Application-E2E-Tests-应用程序应成功启动-chromium\error-context.md]]

[[ATTACHMENT|test-results\tauri-app-Tauri-Application-E2E-Tests-应用程序应成功启动-chromium\error-context.md]]
]]>
</system-out>
<failure message="expect(received).toContain(expected) // indexOf" type="expect.toContain">
<![CDATA[  [chromium] › tauri-app.spec.ts:36:7 › Tauri Application E2E Tests › 应用程序应成功启动 ────────────────────

    Error: expect(received).toContain(expected) // indexOf

    Expected substring: "SysMonitor"
    Received string:    ""

      42 |     // 检查应用程序标题
      43 |     const title = await page.title();
    > 44 |     expect(title).toContain('SysMonitor');
         |                   ^
      45 |   });
      46 |
      47 |   test('应显示仪表板页面', async ({ page }) => {
        at D:\Users\Administrator\Desktop\PowerShell_Script_Repository\FolderSizeMonitor\sys-monitor\tests\e2e\tests\tauri-app.spec.ts:44:19

    attachment #1: screenshot (image/png) ──────────────────────────────────────────────────────────
    ..\test-results\tauri-app-Tauri-Application-E2E-Tests-应用程序应成功启动-chromium\test-failed-1.png
    ────────────────────────────────────────────────────────────────────────────────────────────────

    attachment #2: video (video/webm) ──────────────────────────────────────────────────────────────
    ..\test-results\tauri-app-Tauri-Application-E2E-Tests-应用程序应成功启动-chromium\video.webm
    ────────────────────────────────────────────────────────────────────────────────────────────────

    Error Context: ..\test-results\tauri-app-Tauri-Application-E2E-Tests-应用程序应成功启动-chromium\error-context.md

    Error Context: ..\test-results\tauri-app-Tauri-Application-E2E-Tests-应用程序应成功启动-chromium\error-context.md
]]>
</failure>
</testcase>
<testcase name="Tauri Application E2E Tests › 应显示仪表板页面" classname="tauri-app.spec.ts" time="8.027">
<system-out>
<![CDATA[启动 Tauri 应用程序...
关闭 Tauri 应用程序...

[[ATTACHMENT|test-results\tauri-app-Tauri-Application-E2E-Tests-应显示仪表板页面-chromium\test-failed-1.png]]

[[ATTACHMENT|test-results\tauri-app-Tauri-Application-E2E-Tests-应显示仪表板页面-chromium\video.webm]]

[[ATTACHMENT|test-results\tauri-app-Tauri-Application-E2E-Tests-应显示仪表板页面-chromium\error-context.md]]

[[ATTACHMENT|test-results\tauri-app-Tauri-Application-E2E-Tests-应显示仪表板页面-chromium\error-context.md]]
]]>
</system-out>
<failure message="expect(locator).toContainText(expected) failed" type="expect.toContainText">
<![CDATA[  [chromium] › tauri-app.spec.ts:47:7 › Tauri Application E2E Tests › 应显示仪表板页面 ─────────────────────

    Error: expect(locator).toContainText(expected) failed

    Locator: locator('h1')
    Expected substring: "SysMonitor Dashboard"
    Timeout: 5000ms
    Error: element(s) not found

    Call log:
      - Expect "toContainText" with timeout 5000ms
      - waiting for locator('h1')


      53 |     // 检查仪表板标题
      54 |     const dashboardTitle = page.locator('h1');
    > 55 |     await expect(dashboardTitle).toContainText('SysMonitor Dashboard');
         |                                  ^
      56 |     
      57 |     // 检查导航菜单
      58 |     const navLinks = page.locator('nav a');
        at D:\Users\Administrator\Desktop\PowerShell_Script_Repository\FolderSizeMonitor\sys-monitor\tests\e2e\tests\tauri-app.spec.ts:55:34

    attachment #1: screenshot (image/png) ──────────────────────────────────────────────────────────
    ..\test-results\tauri-app-Tauri-Application-E2E-Tests-应显示仪表板页面-chromium\test-failed-1.png
    ────────────────────────────────────────────────────────────────────────────────────────────────

    attachment #2: video (video/webm) ──────────────────────────────────────────────────────────────
    ..\test-results\tauri-app-Tauri-Application-E2E-Tests-应显示仪表板页面-chromium\video.webm
    ────────────────────────────────────────────────────────────────────────────────────────────────

    Error Context: ..\test-results\tauri-app-Tauri-Application-E2E-Tests-应显示仪表板页面-chromium\error-context.md

    Error Context: ..\test-results\tauri-app-Tauri-Application-E2E-Tests-应显示仪表板页面-chromium\error-context.md
]]>
</failure>
</testcase>
<testcase name="Tauri Application E2E Tests › 应能导航到文件夹分析页面" classname="tauri-app.spec.ts" time="65.876">
<system-out>
<![CDATA[启动 Tauri 应用程序...
关闭 Tauri 应用程序...

[[ATTACHMENT|test-results\tauri-app-Tauri-Application-E2E-Tests-应能导航到文件夹分析页面-chromium\test-failed-1.png]]

[[ATTACHMENT|test-results\tauri-app-Tauri-Application-E2E-Tests-应能导航到文件夹分析页面-chromium\video.webm]]

[[ATTACHMENT|test-results\tauri-app-Tauri-Application-E2E-Tests-应能导航到文件夹分析页面-chromium\error-context.md]]

[[ATTACHMENT|test-results\tauri-app-Tauri-Application-E2E-Tests-应能导航到文件夹分析页面-chromium\error-context.md]]
]]>
</system-out>
<error message="Test timeout of 60000ms exceeded." type="Error">
<![CDATA[  [chromium] › tauri-app.spec.ts:69:7 › Tauri Application E2E Tests › 应能导航到文件夹分析页面 ─────────────────

    Test timeout of 60000ms exceeded.

    Error: locator.click: Test timeout of 60000ms exceeded.
    Call log:
      - waiting for locator('a[href="/folder-analysis"]')


      72 |     // 点击文件夹分析链接
      73 |     const folderAnalysisLink = page.locator('a[href="/folder-analysis"]');
    > 74 |     await folderAnalysisLink.click();
         |                              ^
      75 |     
      76 |     // 等待页面切换
      77 |     await page.waitForTimeout(2000);
        at D:\Users\Administrator\Desktop\PowerShell_Script_Repository\FolderSizeMonitor\sys-monitor\tests\e2e\tests\tauri-app.spec.ts:74:30

    attachment #1: screenshot (image/png) ──────────────────────────────────────────────────────────
    ..\test-results\tauri-app-Tauri-Application-E2E-Tests-应能导航到文件夹分析页面-chromium\test-failed-1.png
    ────────────────────────────────────────────────────────────────────────────────────────────────

    attachment #2: video (video/webm) ──────────────────────────────────────────────────────────────
    ..\test-results\tauri-app-Tauri-Application-E2E-Tests-应能导航到文件夹分析页面-chromium\video.webm
    ────────────────────────────────────────────────────────────────────────────────────────────────

    Error Context: ..\test-results\tauri-app-Tauri-Application-E2E-Tests-应能导航到文件夹分析页面-chromium\error-context.md

    Error Context: ..\test-results\tauri-app-Tauri-Application-E2E-Tests-应能导航到文件夹分析页面-chromium\error-context.md
]]>
</error>
</testcase>
<testcase name="Tauri Application E2E Tests › 应能返回仪表板页面" classname="tauri-app.spec.ts" time="64.497">
<system-out>
<![CDATA[启动 Tauri 应用程序...
关闭 Tauri 应用程序...

[[ATTACHMENT|test-results\tauri-app-Tauri-Application-E2E-Tests-应能返回仪表板页面-chromium\test-failed-1.png]]

[[ATTACHMENT|test-results\tauri-app-Tauri-Application-E2E-Tests-应能返回仪表板页面-chromium\video.webm]]

[[ATTACHMENT|test-results\tauri-app-Tauri-Application-E2E-Tests-应能返回仪表板页面-chromium\error-context.md]]

[[ATTACHMENT|test-results\tauri-app-Tauri-Application-E2E-Tests-应能返回仪表板页面-chromium\error-context.md]]
]]>
</system-out>
<error message="Test timeout of 60000ms exceeded." type="Error">
<![CDATA[  [chromium] › tauri-app.spec.ts:90:7 › Tauri Application E2E Tests › 应能返回仪表板页面 ────────────────────

    Test timeout of 60000ms exceeded.

    Error: locator.click: Test timeout of 60000ms exceeded.
    Call log:
      - waiting for locator('a[href="/"]')


      93 |     // 点击仪表板链接
      94 |     const dashboardLink = page.locator('a[href="/"]');
    > 95 |     await dashboardLink.click();
         |                         ^
      96 |     
      97 |     // 等待页面切换
      98 |     await page.waitForTimeout(2000);
        at D:\Users\Administrator\Desktop\PowerShell_Script_Repository\FolderSizeMonitor\sys-monitor\tests\e2e\tests\tauri-app.spec.ts:95:25

    attachment #1: screenshot (image/png) ──────────────────────────────────────────────────────────
    ..\test-results\tauri-app-Tauri-Application-E2E-Tests-应能返回仪表板页面-chromium\test-failed-1.png
    ────────────────────────────────────────────────────────────────────────────────────────────────

    attachment #2: video (video/webm) ──────────────────────────────────────────────────────────────
    ..\test-results\tauri-app-Tauri-Application-E2E-Tests-应能返回仪表板页面-chromium\video.webm
    ────────────────────────────────────────────────────────────────────────────────────────────────

    Error Context: ..\test-results\tauri-app-Tauri-Application-E2E-Tests-应能返回仪表板页面-chromium\error-context.md

    Error Context: ..\test-results\tauri-app-Tauri-Application-E2E-Tests-应能返回仪表板页面-chromium\error-context.md
]]>
</error>
</testcase>
<testcase name="Tauri Application E2E Tests › 应显示实时系统监控数据" classname="tauri-app.spec.ts" time="9.163">
<system-out>
<![CDATA[启动 Tauri 应用程序...
关闭 Tauri 应用程序...

[[ATTACHMENT|test-results\tauri-app-Tauri-Application-E2E-Tests-应显示实时系统监控数据-chromium\test-failed-1.png]]

[[ATTACHMENT|test-results\tauri-app-Tauri-Application-E2E-Tests-应显示实时系统监控数据-chromium\video.webm]]

[[ATTACHMENT|test-results\tauri-app-Tauri-Application-E2E-Tests-应显示实时系统监控数据-chromium\error-context.md]]

[[ATTACHMENT|test-results\tauri-app-Tauri-Application-E2E-Tests-应显示实时系统监控数据-chromium\error-context.md]]
]]>
</system-out>
<failure message="expect(locator).toBeVisible() failed" type="expect.toBeVisible">
<![CDATA[  [chromium] › tauri-app.spec.ts:105:7 › Tauri Application E2E Tests › 应显示实时系统监控数据 ─────────────────

    Error: expect(locator).toBeVisible() failed

    Locator: locator('text=%').first()
    Expected: visible
    Timeout: 5000ms
    Error: element(s) not found

    Call log:
      - Expect "toBeVisible" with timeout 5000ms
      - waiting for locator('text=%').first()


      111 |     // 检查CPU使用率
      112 |     const cpuValue = page.locator('text=%').first();
    > 113 |     await expect(cpuValue).toBeVisible();
          |                            ^
      114 |     
      115 |     const cpuText = await cpuValue.textContent();
      116 |     expect(cpuText).toMatch(/\d+\.\d+%/);
        at D:\Users\Administrator\Desktop\PowerShell_Script_Repository\FolderSizeMonitor\sys-monitor\tests\e2e\tests\tauri-app.spec.ts:113:28

    attachment #1: screenshot (image/png) ──────────────────────────────────────────────────────────
    ..\test-results\tauri-app-Tauri-Application-E2E-Tests-应显示实时系统监控数据-chromium\test-failed-1.png
    ────────────────────────────────────────────────────────────────────────────────────────────────

    attachment #2: video (video/webm) ──────────────────────────────────────────────────────────────
    ..\test-results\tauri-app-Tauri-Application-E2E-Tests-应显示实时系统监控数据-chromium\video.webm
    ────────────────────────────────────────────────────────────────────────────────────────────────

    Error Context: ..\test-results\tauri-app-Tauri-Application-E2E-Tests-应显示实时系统监控数据-chromium\error-context.md

    Error Context: ..\test-results\tauri-app-Tauri-Application-E2E-Tests-应显示实时系统监控数据-chromium\error-context.md
]]>
</failure>
</testcase>
<testcase name="Tauri Application E2E Tests › 应处理文件夹路径输入" classname="tauri-app.spec.ts" time="66.479">
<system-out>
<![CDATA[启动 Tauri 应用程序...
关闭 Tauri 应用程序...

[[ATTACHMENT|test-results\tauri-app-Tauri-Application-E2E-Tests-应处理文件夹路径输入-chromium\test-failed-1.png]]

[[ATTACHMENT|test-results\tauri-app-Tauri-Application-E2E-Tests-应处理文件夹路径输入-chromium\video.webm]]

[[ATTACHMENT|test-results\tauri-app-Tauri-Application-E2E-Tests-应处理文件夹路径输入-chromium\error-context.md]]

[[ATTACHMENT|test-results\tauri-app-Tauri-Application-E2E-Tests-应处理文件夹路径输入-chromium\error-context.md]]
]]>
</system-out>
<error message="Test timeout of 60000ms exceeded." type="Error">
<![CDATA[  [chromium] › tauri-app.spec.ts:126:7 › Tauri Application E2E Tests › 应处理文件夹路径输入 ──────────────────

    Test timeout of 60000ms exceeded.

    Error: locator.click: Test timeout of 60000ms exceeded.
    Call log:
      - waiting for locator('a[href="/folder-analysis"]')


      129 |     // 导航到文件夹分析页面
      130 |     const folderAnalysisLink = page.locator('a[href="/folder-analysis"]');
    > 131 |     await folderAnalysisLink.click();
          |                              ^
      132 |     await page.waitForTimeout(2000);
      133 |     
      134 |     // 测试路径输入
        at D:\Users\Administrator\Desktop\PowerShell_Script_Repository\FolderSizeMonitor\sys-monitor\tests\e2e\tests\tauri-app.spec.ts:131:30

    attachment #1: screenshot (image/png) ──────────────────────────────────────────────────────────
    ..\test-results\tauri-app-Tauri-Application-E2E-Tests-应处理文件夹路径输入-chromium\test-failed-1.png
    ────────────────────────────────────────────────────────────────────────────────────────────────

    attachment #2: video (video/webm) ──────────────────────────────────────────────────────────────
    ..\test-results\tauri-app-Tauri-Application-E2E-Tests-应处理文件夹路径输入-chromium\video.webm
    ────────────────────────────────────────────────────────────────────────────────────────────────

    Error Context: ..\test-results\tauri-app-Tauri-Application-E2E-Tests-应处理文件夹路径输入-chromium\error-context.md

    Error Context: ..\test-results\tauri-app-Tauri-Application-E2E-Tests-应处理文件夹路径输入-chromium\error-context.md
]]>
</error>
</testcase>
<testcase name="Tauri Application E2E Tests › 应显示错误消息" classname="tauri-app.spec.ts" time="66.104">
<system-out>
<![CDATA[启动 Tauri 应用程序...
关闭 Tauri 应用程序...

[[ATTACHMENT|test-results\tauri-app-Tauri-Application-E2E-Tests-应显示错误消息-chromium\test-failed-1.png]]

[[ATTACHMENT|test-results\tauri-app-Tauri-Application-E2E-Tests-应显示错误消息-chromium\video.webm]]

[[ATTACHMENT|test-results\tauri-app-Tauri-Application-E2E-Tests-应显示错误消息-chromium\error-context.md]]

[[ATTACHMENT|test-results\tauri-app-Tauri-Application-E2E-Tests-应显示错误消息-chromium\error-context.md]]
]]>
</system-out>
<error message="Test timeout of 60000ms exceeded." type="Error">
<![CDATA[  [chromium] › tauri-app.spec.ts:146:7 › Tauri Application E2E Tests › 应显示错误消息 ─────────────────────

    Test timeout of 60000ms exceeded.

    Error: locator.click: Test timeout of 60000ms exceeded.
    Call log:
      - waiting for locator('a[href="/folder-analysis"]')


      149 |     // 导航到文件夹分析页面
      150 |     const folderAnalysisLink = page.locator('a[href="/folder-analysis"]');
    > 151 |     await folderAnalysisLink.click();
          |                              ^
      152 |     await page.waitForTimeout(2000);
      153 |     
      154 |     // 尝试扫描空路径
        at D:\Users\Administrator\Desktop\PowerShell_Script_Repository\FolderSizeMonitor\sys-monitor\tests\e2e\tests\tauri-app.spec.ts:151:30

    attachment #1: screenshot (image/png) ──────────────────────────────────────────────────────────
    ..\test-results\tauri-app-Tauri-Application-E2E-Tests-应显示错误消息-chromium\test-failed-1.png
    ────────────────────────────────────────────────────────────────────────────────────────────────

    attachment #2: video (video/webm) ──────────────────────────────────────────────────────────────
    ..\test-results\tauri-app-Tauri-Application-E2E-Tests-应显示错误消息-chromium\video.webm
    ────────────────────────────────────────────────────────────────────────────────────────────────

    Error Context: ..\test-results\tauri-app-Tauri-Application-E2E-Tests-应显示错误消息-chromium\error-context.md

    Error Context: ..\test-results\tauri-app-Tauri-Application-E2E-Tests-应显示错误消息-chromium\error-context.md
]]>
</error>
</testcase>
<testcase name="Tauri Application E2E Tests › 应用程序应响应窗口调整" classname="tauri-app.spec.ts" time="7.067">
<system-out>
<![CDATA[启动 Tauri 应用程序...
关闭 Tauri 应用程序...

[[ATTACHMENT|test-results\tauri-app-Tauri-Application-E2E-Tests-应用程序应响应窗口调整-chromium\test-failed-1.png]]

[[ATTACHMENT|test-results\tauri-app-Tauri-Application-E2E-Tests-应用程序应响应窗口调整-chromium\video.webm]]

[[ATTACHMENT|test-results\tauri-app-Tauri-Application-E2E-Tests-应用程序应响应窗口调整-chromium\error-context.md]]

[[ATTACHMENT|test-results\tauri-app-Tauri-Application-E2E-Tests-应用程序应响应窗口调整-chromium\error-context.md]]
]]>
</system-out>
<failure message="expect(locator).toBeVisible() failed" type="expect.toBeVisible">
<![CDATA[  [chromium] › tauri-app.spec.ts:163:7 › Tauri Application E2E Tests › 应用程序应响应窗口调整 ─────────────────

    Error: expect(locator).toBeVisible() failed

    Locator: locator('h1')
    Expected: visible
    Timeout: 5000ms
    Error: element(s) not found

    Call log:
      - Expect "toBeVisible" with timeout 5000ms
      - waiting for locator('h1')


      170 |     // 检查布局适应性
      171 |     const dashboardTitle = page.locator('h1');
    > 172 |     await expect(dashboardTitle).toBeVisible();
          |                                  ^
      173 |     
      174 |     // 恢复默认尺寸
      175 |     await page.setViewportSize({ width: 1200, height: 800 });
        at D:\Users\Administrator\Desktop\PowerShell_Script_Repository\FolderSizeMonitor\sys-monitor\tests\e2e\tests\tauri-app.spec.ts:172:34

    attachment #1: screenshot (image/png) ──────────────────────────────────────────────────────────
    ..\test-results\tauri-app-Tauri-Application-E2E-Tests-应用程序应响应窗口调整-chromium\test-failed-1.png
    ────────────────────────────────────────────────────────────────────────────────────────────────

    attachment #2: video (video/webm) ──────────────────────────────────────────────────────────────
    ..\test-results\tauri-app-Tauri-Application-E2E-Tests-应用程序应响应窗口调整-chromium\video.webm
    ────────────────────────────────────────────────────────────────────────────────────────────────

    Error Context: ..\test-results\tauri-app-Tauri-Application-E2E-Tests-应用程序应响应窗口调整-chromium\error-context.md

    Error Context: ..\test-results\tauri-app-Tauri-Application-E2E-Tests-应用程序应响应窗口调整-chromium\error-context.md
]]>
</failure>
</testcase>
<testcase name="Tauri Application E2E Tests › 应保持应用程序稳定性" classname="tauri-app.spec.ts" time="127.932">
<system-out>
<![CDATA[启动 Tauri 应用程序...
关闭 Tauri 应用程序...

[[ATTACHMENT|test-results\tauri-app-Tauri-Application-E2E-Tests-应保持应用程序稳定性-chromium\test-failed-1.png]]

[[ATTACHMENT|test-results\tauri-app-Tauri-Application-E2E-Tests-应保持应用程序稳定性-chromium\video.webm]]

[[ATTACHMENT|test-results\tauri-app-Tauri-Application-E2E-Tests-应保持应用程序稳定性-chromium\error-context.md]]

[[ATTACHMENT|test-results\tauri-app-Tauri-Application-E2E-Tests-应保持应用程序稳定性-chromium\error-context.md]]
]]>
</system-out>
<error message="Test timeout of 120000ms exceeded." type="Error">
<![CDATA[  [chromium] › tauri-app.spec.ts:181:7 › Tauri Application E2E Tests › 应保持应用程序稳定性 ──────────────────

    Test timeout of 120000ms exceeded.

    Error: locator.click: Test timeout of 120000ms exceeded.
    Call log:
      - waiting for locator('a[href="/"]')


      188 |       const folderAnalysisLink = page.locator('a[href="/folder-analysis"]');
      189 |       
    > 190 |       await dashboardLink.click();
          |                           ^
      191 |       await page.waitForTimeout(1000);
      192 |       
      193 |       await folderAnalysisLink.click();
        at D:\Users\Administrator\Desktop\PowerShell_Script_Repository\FolderSizeMonitor\sys-monitor\tests\e2e\tests\tauri-app.spec.ts:190:27

    attachment #1: screenshot (image/png) ──────────────────────────────────────────────────────────
    ..\test-results\tauri-app-Tauri-Application-E2E-Tests-应保持应用程序稳定性-chromium\test-failed-1.png
    ────────────────────────────────────────────────────────────────────────────────────────────────

    attachment #2: video (video/webm) ──────────────────────────────────────────────────────────────
    ..\test-results\tauri-app-Tauri-Application-E2E-Tests-应保持应用程序稳定性-chromium\video.webm
    ────────────────────────────────────────────────────────────────────────────────────────────────

    Error Context: ..\test-results\tauri-app-Tauri-Application-E2E-Tests-应保持应用程序稳定性-chromium\error-context.md

    Error Context: ..\test-results\tauri-app-Tauri-Application-E2E-Tests-应保持应用程序稳定性-chromium\error-context.md
]]>
</error>
</testcase>
</testsuite>
</testsuites>